{"/home/lucian/Software_dev/Projects/The-Geek-Shop/backend/app.js": {"path":"/home/lucian/Software_dev/Projects/The-Geek-Shop/backend/app.js","statementMap":{"0":{"start":{"line":7,"column":12},"end":{"line":7,"column":21}},"1":{"start":{"line":9,"column":0},"end":{"line":9,"column":24}},"2":{"start":{"line":11,"column":0},"end":{"line":11,"column":29}},"3":{"start":{"line":12,"column":0},"end":{"line":12,"column":31}},"4":{"start":{"line":13,"column":0},"end":{"line":13,"column":39}}},"fnMap":{},"branchMap":{},"s":{"0":5,"1":5,"2":5,"3":5,"4":5},"f":{},"b":{},"_coverageSchema":"1a1c01bbd47fc00a2c39e90264f33305004495a9","hash":"0aeb0442e94e6890e65575d8c90b29b0c7f17883"}
,"/home/lucian/Software_dev/Projects/The-Geek-Shop/backend/controllers/admin.login.controller.js": {"path":"/home/lucian/Software_dev/Projects/The-Geek-Shop/backend/controllers/admin.login.controller.js","statementMap":{"0":{"start":{"line":6,"column":26},"end":{"line":41,"column":1}},"1":{"start":{"line":7,"column":33},"end":{"line":7,"column":41}},"2":{"start":{"line":9,"column":2},"end":{"line":40,"column":3}},"3":{"start":{"line":11,"column":18},"end":{"line":11,"column":50}},"4":{"start":{"line":12,"column":4},"end":{"line":14,"column":5}},"5":{"start":{"line":13,"column":6},"end":{"line":13,"column":79}},"6":{"start":{"line":17,"column":20},"end":{"line":17,"column":57}},"7":{"start":{"line":18,"column":4},"end":{"line":22,"column":5}},"8":{"start":{"line":19,"column":6},"end":{"line":21,"column":75}},"9":{"start":{"line":25,"column":18},"end":{"line":29,"column":5}},"10":{"start":{"line":32,"column":4},"end":{"line":36,"column":7}},"11":{"start":{"line":38,"column":4},"end":{"line":38,"column":64}},"12":{"start":{"line":39,"column":4},"end":{"line":39,"column":77}},"13":{"start":{"line":44,"column":24},"end":{"line":77,"column":1}},"14":{"start":{"line":45,"column":2},"end":{"line":76,"column":3}},"15":{"start":{"line":46,"column":41},"end":{"line":46,"column":49}},"16":{"start":{"line":49,"column":4},"end":{"line":54,"column":5}},"17":{"start":{"line":50,"column":6},"end":{"line":53,"column":9}},"18":{"start":{"line":57,"column":26},"end":{"line":57,"column":58}},"19":{"start":{"line":58,"column":4},"end":{"line":63,"column":5}},"20":{"start":{"line":59,"column":6},"end":{"line":62,"column":9}},"21":{"start":{"line":66,"column":21},"end":{"line":66,"column":59}},"22":{"start":{"line":67,"column":4},"end":{"line":67,"column":26}},"23":{"start":{"line":68,"column":4},"end":{"line":72,"column":7}},"24":{"start":{"line":74,"column":4},"end":{"line":74,"column":60}},"25":{"start":{"line":75,"column":4},"end":{"line":75,"column":77}},"26":{"start":{"line":79,"column":35},"end":{"line":124,"column":1}},"27":{"start":{"line":80,"column":2},"end":{"line":123,"column":3}},"28":{"start":{"line":81,"column":45},"end":{"line":81,"column":53}},"29":{"start":{"line":83,"column":20},"end":{"line":83,"column":31}},"30":{"start":{"line":86,"column":4},"end":{"line":91,"column":5}},"31":{"start":{"line":87,"column":6},"end":{"line":90,"column":9}},"32":{"start":{"line":93,"column":18},"end":{"line":93,"column":46}},"33":{"start":{"line":94,"column":4},"end":{"line":99,"column":5}},"34":{"start":{"line":95,"column":6},"end":{"line":98,"column":9}},"35":{"start":{"line":101,"column":20},"end":{"line":101,"column":64}},"36":{"start":{"line":102,"column":4},"end":{"line":107,"column":5}},"37":{"start":{"line":103,"column":6},"end":{"line":106,"column":9}},"38":{"start":{"line":110,"column":4},"end":{"line":110,"column":33}},"39":{"start":{"line":111,"column":4},"end":{"line":111,"column":23}},"40":{"start":{"line":113,"column":4},"end":{"line":116,"column":7}},"41":{"start":{"line":118,"column":4},"end":{"line":118,"column":63}},"42":{"start":{"line":119,"column":4},"end":{"line":122,"column":7}}},"fnMap":{"0":{"name":"(anonymous_0)","decl":{"start":{"line":6,"column":26},"end":{"line":6,"column":27}},"loc":{"start":{"line":6,"column":46},"end":{"line":41,"column":1}},"line":6},"1":{"name":"(anonymous_1)","decl":{"start":{"line":44,"column":24},"end":{"line":44,"column":25}},"loc":{"start":{"line":44,"column":44},"end":{"line":77,"column":1}},"line":44},"2":{"name":"(anonymous_2)","decl":{"start":{"line":79,"column":35},"end":{"line":79,"column":36}},"loc":{"start":{"line":79,"column":55},"end":{"line":124,"column":1}},"line":79}},"branchMap":{"0":{"loc":{"start":{"line":12,"column":4},"end":{"line":14,"column":5}},"type":"if","locations":[{"start":{"line":12,"column":4},"end":{"line":14,"column":5}},{"start":{},"end":{}}],"line":12},"1":{"loc":{"start":{"line":12,"column":8},"end":{"line":12,"column":74}},"type":"binary-expr","locations":[{"start":{"line":12,"column":8},"end":{"line":12,"column":14}},{"start":{"line":12,"column":19},"end":{"line":12,"column":41}},{"start":{"line":12,"column":45},"end":{"line":12,"column":73}}],"line":12},"2":{"loc":{"start":{"line":18,"column":4},"end":{"line":22,"column":5}},"type":"if","locations":[{"start":{"line":18,"column":4},"end":{"line":22,"column":5}},{"start":{},"end":{}}],"line":18},"3":{"loc":{"start":{"line":49,"column":4},"end":{"line":54,"column":5}},"type":"if","locations":[{"start":{"line":49,"column":4},"end":{"line":54,"column":5}},{"start":{},"end":{}}],"line":49},"4":{"loc":{"start":{"line":49,"column":8},"end":{"line":49,"column":39}},"type":"binary-expr","locations":[{"start":{"line":49,"column":8},"end":{"line":49,"column":17}},{"start":{"line":49,"column":21},"end":{"line":49,"column":30}},{"start":{"line":49,"column":34},"end":{"line":49,"column":39}}],"line":49},"5":{"loc":{"start":{"line":58,"column":4},"end":{"line":63,"column":5}},"type":"if","locations":[{"start":{"line":58,"column":4},"end":{"line":63,"column":5}},{"start":{},"end":{}}],"line":58},"6":{"loc":{"start":{"line":86,"column":4},"end":{"line":91,"column":5}},"type":"if","locations":[{"start":{"line":86,"column":4},"end":{"line":91,"column":5}},{"start":{},"end":{}}],"line":86},"7":{"loc":{"start":{"line":86,"column":8},"end":{"line":86,"column":40}},"type":"binary-expr","locations":[{"start":{"line":86,"column":8},"end":{"line":86,"column":24}},{"start":{"line":86,"column":28},"end":{"line":86,"column":40}}],"line":86},"8":{"loc":{"start":{"line":94,"column":4},"end":{"line":99,"column":5}},"type":"if","locations":[{"start":{"line":94,"column":4},"end":{"line":99,"column":5}},{"start":{},"end":{}}],"line":94},"9":{"loc":{"start":{"line":102,"column":4},"end":{"line":107,"column":5}},"type":"if","locations":[{"start":{"line":102,"column":4},"end":{"line":107,"column":5}},{"start":{},"end":{}}],"line":102}},"s":{"0":5,"1":5,"2":5,"3":5,"4":4,"5":2,"6":2,"7":2,"8":1,"9":1,"10":1,"11":1,"12":1,"13":5,"14":2,"15":2,"16":2,"17":1,"18":1,"19":1,"20":1,"21":0,"22":0,"23":0,"24":0,"25":0,"26":5,"27":5,"28":5,"29":5,"30":5,"31":1,"32":4,"33":3,"34":1,"35":2,"36":2,"37":1,"38":1,"39":1,"40":1,"41":1,"42":1},"f":{"0":5,"1":2,"2":5},"b":{"0":[2,2],"1":[4,3,1],"2":[1,1],"3":[1,1],"4":[2,1,1],"5":[1,0],"6":[1,4],"7":[5,4],"8":[1,2],"9":[1,1]},"_coverageSchema":"1a1c01bbd47fc00a2c39e90264f33305004495a9","hash":"61af29f0423e84fa9eeb03d47d5278aac63ef8a7"}
,"/home/lucian/Software_dev/Projects/The-Geek-Shop/backend/controllers/admin.orders.controller.js": {"path":"/home/lucian/Software_dev/Projects/The-Geek-Shop/backend/controllers/admin.orders.controller.js","statementMap":{"0":{"start":{"line":5,"column":30},"end":{"line":13,"column":1}},"1":{"start":{"line":6,"column":2},"end":{"line":12,"column":3}},"2":{"start":{"line":7,"column":19},"end":{"line":7,"column":39}},"3":{"start":{"line":8,"column":4},"end":{"line":8,"column":65}},"4":{"start":{"line":10,"column":4},"end":{"line":10,"column":61}},"5":{"start":{"line":11,"column":4},"end":{"line":11,"column":77}},"6":{"start":{"line":15,"column":33},"end":{"line":29,"column":1}},"7":{"start":{"line":16,"column":2},"end":{"line":28,"column":3}},"8":{"start":{"line":17,"column":19},"end":{"line":17,"column":29}},"9":{"start":{"line":18,"column":18},"end":{"line":18,"column":42}},"10":{"start":{"line":19,"column":4},"end":{"line":23,"column":5}},"11":{"start":{"line":20,"column":6},"end":{"line":22,"column":62}},"12":{"start":{"line":24,"column":4},"end":{"line":24,"column":64}},"13":{"start":{"line":26,"column":4},"end":{"line":26,"column":61}},"14":{"start":{"line":27,"column":4},"end":{"line":27,"column":77}},"15":{"start":{"line":31,"column":32},"end":{"line":47,"column":1}},"16":{"start":{"line":32,"column":17},"end":{"line":32,"column":27}},"17":{"start":{"line":33,"column":16},"end":{"line":33,"column":24}},"18":{"start":{"line":35,"column":2},"end":{"line":37,"column":3}},"19":{"start":{"line":36,"column":4},"end":{"line":36,"column":80}},"20":{"start":{"line":38,"column":2},"end":{"line":46,"column":3}},"21":{"start":{"line":39,"column":25},"end":{"line":41,"column":6}},"22":{"start":{"line":42,"column":4},"end":{"line":42,"column":71}},"23":{"start":{"line":44,"column":4},"end":{"line":44,"column":61}},"24":{"start":{"line":45,"column":4},"end":{"line":45,"column":77}},"25":{"start":{"line":49,"column":32},"end":{"line":87,"column":1}},"26":{"start":{"line":50,"column":2},"end":{"line":86,"column":3}},"27":{"start":{"line":51,"column":49},"end":{"line":51,"column":58}},"28":{"start":{"line":53,"column":18},"end":{"line":53,"column":20}},"29":{"start":{"line":55,"column":4},"end":{"line":55,"column":42}},"30":{"start":{"line":58,"column":23},"end":{"line":58,"column":41}},"31":{"start":{"line":59,"column":24},"end":{"line":59,"column":43}},"32":{"start":{"line":60,"column":17},"end":{"line":60,"column":47}},"33":{"start":{"line":62,"column":19},"end":{"line":62,"column":72}},"34":{"start":{"line":64,"column":24},"end":{"line":64,"column":57}},"35":{"start":{"line":66,"column":4},"end":{"line":71,"column":5}},"36":{"start":{"line":67,"column":6},"end":{"line":70,"column":9}},"37":{"start":{"line":73,"column":4},"end":{"line":82,"column":7}},"38":{"start":{"line":84,"column":4},"end":{"line":84,"column":65}},"39":{"start":{"line":85,"column":4},"end":{"line":85,"column":70}}},"fnMap":{"0":{"name":"(anonymous_0)","decl":{"start":{"line":5,"column":30},"end":{"line":5,"column":31}},"loc":{"start":{"line":5,"column":50},"end":{"line":13,"column":1}},"line":5},"1":{"name":"(anonymous_1)","decl":{"start":{"line":15,"column":33},"end":{"line":15,"column":34}},"loc":{"start":{"line":15,"column":53},"end":{"line":29,"column":1}},"line":15},"2":{"name":"(anonymous_2)","decl":{"start":{"line":31,"column":32},"end":{"line":31,"column":33}},"loc":{"start":{"line":31,"column":52},"end":{"line":47,"column":1}},"line":31},"3":{"name":"(anonymous_3)","decl":{"start":{"line":49,"column":32},"end":{"line":49,"column":33}},"loc":{"start":{"line":49,"column":52},"end":{"line":87,"column":1}},"line":49}},"branchMap":{"0":{"loc":{"start":{"line":19,"column":4},"end":{"line":23,"column":5}},"type":"if","locations":[{"start":{"line":19,"column":4},"end":{"line":23,"column":5}},{"start":{},"end":{}}],"line":19},"1":{"loc":{"start":{"line":35,"column":2},"end":{"line":37,"column":3}},"type":"if","locations":[{"start":{"line":35,"column":2},"end":{"line":37,"column":3}},{"start":{},"end":{}}],"line":35},"2":{"loc":{"start":{"line":51,"column":24},"end":{"line":51,"column":32}},"type":"default-arg","locations":[{"start":{"line":51,"column":31},"end":{"line":51,"column":32}}],"line":51},"3":{"loc":{"start":{"line":51,"column":34},"end":{"line":51,"column":44}},"type":"default-arg","locations":[{"start":{"line":51,"column":42},"end":{"line":51,"column":44}}],"line":51},"4":{"loc":{"start":{"line":66,"column":4},"end":{"line":71,"column":5}},"type":"if","locations":[{"start":{"line":66,"column":4},"end":{"line":71,"column":5}},{"start":{},"end":{}}],"line":66}},"s":{"0":5,"1":2,"2":2,"3":1,"4":1,"5":1,"6":5,"7":3,"8":3,"9":3,"10":2,"11":1,"12":1,"13":1,"14":1,"15":5,"16":0,"17":0,"18":0,"19":0,"20":0,"21":0,"22":0,"23":0,"24":0,"25":5,"26":0,"27":0,"28":0,"29":0,"30":0,"31":0,"32":0,"33":0,"34":0,"35":0,"36":0,"37":0,"38":0,"39":0},"f":{"0":2,"1":3,"2":0,"3":0},"b":{"0":[1,1],"1":[0,0],"2":[0],"3":[0],"4":[0,0]},"_coverageSchema":"1a1c01bbd47fc00a2c39e90264f33305004495a9","hash":"de003cd3e458d440374f2360e5ff6c870cf8b045"}
,"/home/lucian/Software_dev/Projects/The-Geek-Shop/backend/controllers/admin.products.controller.js": {"path":"/home/lucian/Software_dev/Projects/The-Geek-Shop/backend/controllers/admin.products.controller.js","statementMap":{"0":{"start":{"line":6,"column":28},"end":{"line":8,"column":1}},"1":{"start":{"line":7,"column":2},"end":{"line":7,"column":49}},"2":{"start":{"line":10,"column":35},"end":{"line":66,"column":1}},"3":{"start":{"line":11,"column":2},"end":{"line":65,"column":3}},"4":{"start":{"line":23,"column":8},"end":{"line":23,"column":16}},"5":{"start":{"line":25,"column":4},"end":{"line":35,"column":5}},"6":{"start":{"line":32,"column":6},"end":{"line":34,"column":70}},"7":{"start":{"line":37,"column":4},"end":{"line":44,"column":5}},"8":{"start":{"line":38,"column":30},"end":{"line":38,"column":60}},"9":{"start":{"line":39,"column":6},"end":{"line":43,"column":7}},"10":{"start":{"line":40,"column":8},"end":{"line":42,"column":67}},"11":{"start":{"line":46,"column":23},"end":{"line":57,"column":6}},"12":{"start":{"line":59,"column":4},"end":{"line":59,"column":28}},"13":{"start":{"line":61,"column":4},"end":{"line":61,"column":69}},"14":{"start":{"line":63,"column":4},"end":{"line":63,"column":62}},"15":{"start":{"line":64,"column":4},"end":{"line":64,"column":77}},"16":{"start":{"line":68,"column":34},"end":{"line":84,"column":1}},"17":{"start":{"line":69,"column":17},"end":{"line":69,"column":27}},"18":{"start":{"line":71,"column":2},"end":{"line":83,"column":3}},"19":{"start":{"line":72,"column":27},"end":{"line":72,"column":62}},"20":{"start":{"line":73,"column":4},"end":{"line":78,"column":5}},"21":{"start":{"line":74,"column":6},"end":{"line":77,"column":9}},"22":{"start":{"line":79,"column":4},"end":{"line":79,"column":79}},"23":{"start":{"line":81,"column":4},"end":{"line":81,"column":62}},"24":{"start":{"line":82,"column":4},"end":{"line":82,"column":77}},"25":{"start":{"line":86,"column":34},"end":{"line":117,"column":1}},"26":{"start":{"line":87,"column":17},"end":{"line":87,"column":27}},"27":{"start":{"line":89,"column":18},"end":{"line":89,"column":26}},"28":{"start":{"line":91,"column":2},"end":{"line":116,"column":3}},"29":{"start":{"line":92,"column":4},"end":{"line":94,"column":5}},"30":{"start":{"line":93,"column":6},"end":{"line":93,"column":80}},"31":{"start":{"line":97,"column":27},"end":{"line":99,"column":6}},"32":{"start":{"line":101,"column":4},"end":{"line":105,"column":5}},"33":{"start":{"line":102,"column":6},"end":{"line":104,"column":64}},"34":{"start":{"line":107,"column":4},"end":{"line":107,"column":73}},"35":{"start":{"line":109,"column":4},"end":{"line":109,"column":62}},"36":{"start":{"line":110,"column":4},"end":{"line":114,"column":5}},"37":{"start":{"line":111,"column":6},"end":{"line":113,"column":65}},"38":{"start":{"line":115,"column":4},"end":{"line":115,"column":77}}},"fnMap":{"0":{"name":"(anonymous_0)","decl":{"start":{"line":6,"column":28},"end":{"line":6,"column":29}},"loc":{"start":{"line":6,"column":42},"end":{"line":8,"column":1}},"line":6},"1":{"name":"(anonymous_1)","decl":{"start":{"line":10,"column":35},"end":{"line":10,"column":36}},"loc":{"start":{"line":10,"column":55},"end":{"line":66,"column":1}},"line":10},"2":{"name":"(anonymous_2)","decl":{"start":{"line":68,"column":34},"end":{"line":68,"column":35}},"loc":{"start":{"line":68,"column":54},"end":{"line":84,"column":1}},"line":68},"3":{"name":"(anonymous_3)","decl":{"start":{"line":86,"column":34},"end":{"line":86,"column":35}},"loc":{"start":{"line":86,"column":54},"end":{"line":117,"column":1}},"line":86}},"branchMap":{"0":{"loc":{"start":{"line":25,"column":4},"end":{"line":35,"column":5}},"type":"if","locations":[{"start":{"line":25,"column":4},"end":{"line":35,"column":5}},{"start":{},"end":{}}],"line":25},"1":{"loc":{"start":{"line":26,"column":6},"end":{"line":30,"column":21}},"type":"binary-expr","locations":[{"start":{"line":26,"column":6},"end":{"line":26,"column":11}},{"start":{"line":27,"column":6},"end":{"line":27,"column":23}},{"start":{"line":28,"column":6},"end":{"line":28,"column":27}},{"start":{"line":29,"column":6},"end":{"line":29,"column":18}},{"start":{"line":30,"column":6},"end":{"line":30,"column":21}}],"line":26},"2":{"loc":{"start":{"line":37,"column":4},"end":{"line":44,"column":5}},"type":"if","locations":[{"start":{"line":37,"column":4},"end":{"line":44,"column":5}},{"start":{},"end":{}}],"line":37},"3":{"loc":{"start":{"line":39,"column":6},"end":{"line":43,"column":7}},"type":"if","locations":[{"start":{"line":39,"column":6},"end":{"line":43,"column":7}},{"start":{},"end":{}}],"line":39},"4":{"loc":{"start":{"line":73,"column":4},"end":{"line":78,"column":5}},"type":"if","locations":[{"start":{"line":73,"column":4},"end":{"line":78,"column":5}},{"start":{},"end":{}}],"line":73},"5":{"loc":{"start":{"line":92,"column":4},"end":{"line":94,"column":5}},"type":"if","locations":[{"start":{"line":92,"column":4},"end":{"line":94,"column":5}},{"start":{},"end":{}}],"line":92},"6":{"loc":{"start":{"line":92,"column":8},"end":{"line":92,"column":23}},"type":"binary-expr","locations":[{"start":{"line":92,"column":8},"end":{"line":92,"column":11}},{"start":{"line":92,"column":15},"end":{"line":92,"column":23}}],"line":92},"7":{"loc":{"start":{"line":101,"column":4},"end":{"line":105,"column":5}},"type":"if","locations":[{"start":{"line":101,"column":4},"end":{"line":105,"column":5}},{"start":{},"end":{}}],"line":101},"8":{"loc":{"start":{"line":110,"column":4},"end":{"line":114,"column":5}},"type":"if","locations":[{"start":{"line":110,"column":4},"end":{"line":114,"column":5}},{"start":{},"end":{}}],"line":110}},"s":{"0":5,"1":0,"2":5,"3":2,"4":2,"5":2,"6":1,"7":1,"8":1,"9":1,"10":1,"11":0,"12":0,"13":0,"14":0,"15":0,"16":5,"17":3,"18":3,"19":3,"20":2,"21":1,"22":1,"23":1,"24":1,"25":5,"26":3,"27":3,"28":3,"29":3,"30":0,"31":3,"32":2,"33":1,"34":1,"35":1,"36":1,"37":0,"38":1},"f":{"0":0,"1":2,"2":3,"3":3},"b":{"0":[1,1],"1":[2,1,1,1,1],"2":[1,0],"3":[1,0],"4":[1,1],"5":[0,3],"6":[3,3],"7":[1,1],"8":[0,1]},"_coverageSchema":"1a1c01bbd47fc00a2c39e90264f33305004495a9","hash":"4911a48b56020bca3d3e3c37aa404763a7c33d39"}
,"/home/lucian/Software_dev/Projects/The-Geek-Shop/backend/controllers/category.controller.js": {"path":"/home/lucian/Software_dev/Projects/The-Geek-Shop/backend/controllers/category.controller.js","statementMap":{"0":{"start":{"line":3,"column":32},"end":{"line":11,"column":3}},"1":{"start":{"line":4,"column":4},"end":{"line":10,"column":5}},"2":{"start":{"line":5,"column":25},"end":{"line":5,"column":46}},"3":{"start":{"line":6,"column":6},"end":{"line":6,"column":71}},"4":{"start":{"line":8,"column":6},"end":{"line":8,"column":67}},"5":{"start":{"line":9,"column":6},"end":{"line":9,"column":79}},"6":{"start":{"line":13,"column":27},"end":{"line":45,"column":1}},"7":{"start":{"line":14,"column":2},"end":{"line":44,"column":3}},"8":{"start":{"line":15,"column":34},"end":{"line":15,"column":42}},"9":{"start":{"line":18,"column":4},"end":{"line":23,"column":5}},"10":{"start":{"line":19,"column":6},"end":{"line":22,"column":9}},"11":{"start":{"line":26,"column":29},"end":{"line":26,"column":61}},"12":{"start":{"line":27,"column":4},"end":{"line":32,"column":5}},"13":{"start":{"line":28,"column":6},"end":{"line":31,"column":9}},"14":{"start":{"line":35,"column":24},"end":{"line":35,"column":59}},"15":{"start":{"line":36,"column":4},"end":{"line":36,"column":29}},"16":{"start":{"line":37,"column":4},"end":{"line":40,"column":7}},"17":{"start":{"line":42,"column":4},"end":{"line":42,"column":61}},"18":{"start":{"line":43,"column":4},"end":{"line":43,"column":77}},"19":{"start":{"line":47,"column":30},"end":{"line":76,"column":1}},"20":{"start":{"line":48,"column":2},"end":{"line":75,"column":3}},"21":{"start":{"line":49,"column":19},"end":{"line":49,"column":29}},"22":{"start":{"line":50,"column":34},"end":{"line":50,"column":42}},"23":{"start":{"line":52,"column":28},"end":{"line":56,"column":5}},"24":{"start":{"line":58,"column":4},"end":{"line":63,"column":5}},"25":{"start":{"line":59,"column":6},"end":{"line":62,"column":9}},"26":{"start":{"line":65,"column":4},"end":{"line":68,"column":7}},"27":{"start":{"line":70,"column":4},"end":{"line":70,"column":63}},"28":{"start":{"line":71,"column":4},"end":{"line":74,"column":7}},"29":{"start":{"line":78,"column":30},"end":{"line":95,"column":1}},"30":{"start":{"line":79,"column":2},"end":{"line":94,"column":3}},"31":{"start":{"line":80,"column":19},"end":{"line":80,"column":29}},"32":{"start":{"line":82,"column":28},"end":{"line":82,"column":64}},"33":{"start":{"line":83,"column":4},"end":{"line":87,"column":5}},"34":{"start":{"line":84,"column":6},"end":{"line":86,"column":65}},"35":{"start":{"line":88,"column":4},"end":{"line":90,"column":73}},"36":{"start":{"line":92,"column":4},"end":{"line":92,"column":63}},"37":{"start":{"line":93,"column":4},"end":{"line":93,"column":77}}},"fnMap":{"0":{"name":"(anonymous_0)","decl":{"start":{"line":3,"column":32},"end":{"line":3,"column":33}},"loc":{"start":{"line":3,"column":52},"end":{"line":11,"column":3}},"line":3},"1":{"name":"(anonymous_1)","decl":{"start":{"line":13,"column":27},"end":{"line":13,"column":28}},"loc":{"start":{"line":13,"column":47},"end":{"line":45,"column":1}},"line":13},"2":{"name":"(anonymous_2)","decl":{"start":{"line":47,"column":30},"end":{"line":47,"column":31}},"loc":{"start":{"line":47,"column":50},"end":{"line":76,"column":1}},"line":47},"3":{"name":"(anonymous_3)","decl":{"start":{"line":78,"column":30},"end":{"line":78,"column":31}},"loc":{"start":{"line":78,"column":50},"end":{"line":95,"column":1}},"line":78}},"branchMap":{"0":{"loc":{"start":{"line":18,"column":4},"end":{"line":23,"column":5}},"type":"if","locations":[{"start":{"line":18,"column":4},"end":{"line":23,"column":5}},{"start":{},"end":{}}],"line":18},"1":{"loc":{"start":{"line":27,"column":4},"end":{"line":32,"column":5}},"type":"if","locations":[{"start":{"line":27,"column":4},"end":{"line":32,"column":5}},{"start":{},"end":{}}],"line":27},"2":{"loc":{"start":{"line":58,"column":4},"end":{"line":63,"column":5}},"type":"if","locations":[{"start":{"line":58,"column":4},"end":{"line":63,"column":5}},{"start":{},"end":{}}],"line":58},"3":{"loc":{"start":{"line":83,"column":4},"end":{"line":87,"column":5}},"type":"if","locations":[{"start":{"line":83,"column":4},"end":{"line":87,"column":5}},{"start":{},"end":{}}],"line":83}},"s":{"0":5,"1":2,"2":2,"3":1,"4":1,"5":1,"6":5,"7":3,"8":3,"9":3,"10":1,"11":2,"12":1,"13":1,"14":0,"15":0,"16":0,"17":1,"18":1,"19":5,"20":3,"21":3,"22":3,"23":3,"24":2,"25":1,"26":1,"27":1,"28":1,"29":5,"30":3,"31":3,"32":3,"33":2,"34":1,"35":1,"36":1,"37":1},"f":{"0":2,"1":3,"2":3,"3":3},"b":{"0":[1,2],"1":[1,0],"2":[1,1],"3":[1,1]},"_coverageSchema":"1a1c01bbd47fc00a2c39e90264f33305004495a9","hash":"df6820e10726bdcce0c8390964eab78e4c95abe7"}
,"/home/lucian/Software_dev/Projects/The-Geek-Shop/backend/controllers/user.controller.js": {"path":"/home/lucian/Software_dev/Projects/The-Geek-Shop/backend/controllers/user.controller.js","statementMap":{"0":{"start":{"line":5,"column":27},"end":{"line":7,"column":1}},"1":{"start":{"line":6,"column":2},"end":{"line":6,"column":43}},"2":{"start":{"line":9,"column":27},"end":{"line":17,"column":1}},"3":{"start":{"line":10,"column":2},"end":{"line":16,"column":3}},"4":{"start":{"line":11,"column":21},"end":{"line":11,"column":43}},"5":{"start":{"line":12,"column":4},"end":{"line":12,"column":67}},"6":{"start":{"line":14,"column":4},"end":{"line":14,"column":63}},"7":{"start":{"line":15,"column":4},"end":{"line":15,"column":77}},"8":{"start":{"line":19,"column":34},"end":{"line":35,"column":1}},"9":{"start":{"line":20,"column":17},"end":{"line":20,"column":27}},"10":{"start":{"line":22,"column":2},"end":{"line":34,"column":3}},"11":{"start":{"line":24,"column":20},"end":{"line":24,"column":46}},"12":{"start":{"line":25,"column":4},"end":{"line":29,"column":5}},"13":{"start":{"line":26,"column":6},"end":{"line":28,"column":64}},"14":{"start":{"line":30,"column":4},"end":{"line":30,"column":66}},"15":{"start":{"line":32,"column":4},"end":{"line":32,"column":62}},"16":{"start":{"line":33,"column":4},"end":{"line":33,"column":77}},"17":{"start":{"line":39,"column":26},"end":{"line":104,"column":1}},"18":{"start":{"line":40,"column":2},"end":{"line":103,"column":3}},"19":{"start":{"line":48,"column":8},"end":{"line":48,"column":17}},"20":{"start":{"line":51,"column":18},"end":{"line":51,"column":20}},"21":{"start":{"line":53,"column":4},"end":{"line":56,"column":5}},"22":{"start":{"line":54,"column":28},"end":{"line":54,"column":49}},"23":{"start":{"line":55,"column":6},"end":{"line":55,"column":46}},"24":{"start":{"line":58,"column":4},"end":{"line":62,"column":5}},"25":{"start":{"line":59,"column":6},"end":{"line":59,"column":26}},"26":{"start":{"line":60,"column":6},"end":{"line":60,"column":59}},"27":{"start":{"line":60,"column":20},"end":{"line":60,"column":59}},"28":{"start":{"line":61,"column":6},"end":{"line":61,"column":59}},"29":{"start":{"line":61,"column":20},"end":{"line":61,"column":59}},"30":{"start":{"line":65,"column":4},"end":{"line":67,"column":5}},"31":{"start":{"line":66,"column":6},"end":{"line":66,"column":44}},"32":{"start":{"line":70,"column":23},"end":{"line":70,"column":41}},"33":{"start":{"line":71,"column":24},"end":{"line":71,"column":43}},"34":{"start":{"line":72,"column":17},"end":{"line":72,"column":47}},"35":{"start":{"line":75,"column":21},"end":{"line":78,"column":25}},"36":{"start":{"line":81,"column":26},"end":{"line":81,"column":61}},"37":{"start":{"line":83,"column":4},"end":{"line":88,"column":5}},"38":{"start":{"line":84,"column":6},"end":{"line":87,"column":9}},"39":{"start":{"line":90,"column":4},"end":{"line":99,"column":7}},"40":{"start":{"line":101,"column":4},"end":{"line":101,"column":67}},"41":{"start":{"line":102,"column":4},"end":{"line":102,"column":70}}},"fnMap":{"0":{"name":"(anonymous_0)","decl":{"start":{"line":5,"column":27},"end":{"line":5,"column":28}},"loc":{"start":{"line":5,"column":41},"end":{"line":7,"column":1}},"line":5},"1":{"name":"(anonymous_1)","decl":{"start":{"line":9,"column":27},"end":{"line":9,"column":28}},"loc":{"start":{"line":9,"column":47},"end":{"line":17,"column":1}},"line":9},"2":{"name":"(anonymous_2)","decl":{"start":{"line":19,"column":34},"end":{"line":19,"column":35}},"loc":{"start":{"line":19,"column":54},"end":{"line":35,"column":1}},"line":19},"3":{"name":"(anonymous_3)","decl":{"start":{"line":39,"column":26},"end":{"line":39,"column":27}},"loc":{"start":{"line":39,"column":46},"end":{"line":104,"column":1}},"line":39}},"branchMap":{"0":{"loc":{"start":{"line":25,"column":4},"end":{"line":29,"column":5}},"type":"if","locations":[{"start":{"line":25,"column":4},"end":{"line":29,"column":5}},{"start":{},"end":{}}],"line":25},"1":{"loc":{"start":{"line":46,"column":6},"end":{"line":46,"column":14}},"type":"default-arg","locations":[{"start":{"line":46,"column":13},"end":{"line":46,"column":14}}],"line":46},"2":{"loc":{"start":{"line":47,"column":6},"end":{"line":47,"column":16}},"type":"default-arg","locations":[{"start":{"line":47,"column":14},"end":{"line":47,"column":16}}],"line":47},"3":{"loc":{"start":{"line":53,"column":4},"end":{"line":56,"column":5}},"type":"if","locations":[{"start":{"line":53,"column":4},"end":{"line":56,"column":5}},{"start":{},"end":{}}],"line":53},"4":{"loc":{"start":{"line":58,"column":4},"end":{"line":62,"column":5}},"type":"if","locations":[{"start":{"line":58,"column":4},"end":{"line":62,"column":5}},{"start":{},"end":{}}],"line":58},"5":{"loc":{"start":{"line":58,"column":8},"end":{"line":58,"column":28}},"type":"binary-expr","locations":[{"start":{"line":58,"column":8},"end":{"line":58,"column":16}},{"start":{"line":58,"column":20},"end":{"line":58,"column":28}}],"line":58},"6":{"loc":{"start":{"line":60,"column":6},"end":{"line":60,"column":59}},"type":"if","locations":[{"start":{"line":60,"column":6},"end":{"line":60,"column":59}},{"start":{},"end":{}}],"line":60},"7":{"loc":{"start":{"line":61,"column":6},"end":{"line":61,"column":59}},"type":"if","locations":[{"start":{"line":61,"column":6},"end":{"line":61,"column":59}},{"start":{},"end":{}}],"line":61},"8":{"loc":{"start":{"line":65,"column":4},"end":{"line":67,"column":5}},"type":"if","locations":[{"start":{"line":65,"column":4},"end":{"line":67,"column":5}},{"start":{},"end":{}}],"line":65},"9":{"loc":{"start":{"line":83,"column":4},"end":{"line":88,"column":5}},"type":"if","locations":[{"start":{"line":83,"column":4},"end":{"line":88,"column":5}},{"start":{},"end":{}}],"line":83}},"s":{"0":5,"1":0,"2":5,"3":2,"4":2,"5":1,"6":1,"7":1,"8":5,"9":3,"10":3,"11":3,"12":2,"13":1,"14":1,"15":1,"16":1,"17":5,"18":4,"19":4,"20":4,"21":4,"22":2,"23":2,"24":4,"25":2,"26":2,"27":2,"28":2,"29":2,"30":4,"31":2,"32":4,"33":4,"34":4,"35":4,"36":3,"37":3,"38":1,"39":2,"40":1,"41":1},"f":{"0":0,"1":2,"2":3,"3":4},"b":{"0":[1,1],"1":[4],"2":[4],"3":[2,2],"4":[2,2],"5":[4,2],"6":[2,0],"7":[2,0],"8":[2,2],"9":[1,2]},"_coverageSchema":"1a1c01bbd47fc00a2c39e90264f33305004495a9","hash":"8f4f556d95032788b583afe0d09c556695ddb6ea"}
,"/home/lucian/Software_dev/Projects/The-Geek-Shop/backend/controllers/user.login.controller.js": {"path":"/home/lucian/Software_dev/Projects/The-Geek-Shop/backend/controllers/user.login.controller.js","statementMap":{"0":{"start":{"line":3,"column":25},"end":{"line":34,"column":1}},"1":{"start":{"line":4,"column":33},"end":{"line":4,"column":41}},"2":{"start":{"line":5,"column":2},"end":{"line":33,"column":3}},"3":{"start":{"line":6,"column":17},"end":{"line":6,"column":49}},"4":{"start":{"line":7,"column":4},"end":{"line":11,"column":5}},"5":{"start":{"line":8,"column":6},"end":{"line":10,"column":75}},"6":{"start":{"line":12,"column":20},"end":{"line":12,"column":56}},"7":{"start":{"line":13,"column":4},"end":{"line":17,"column":5}},"8":{"start":{"line":14,"column":6},"end":{"line":16,"column":75}},"9":{"start":{"line":19,"column":18},"end":{"line":23,"column":5}},"10":{"start":{"line":25,"column":4},"end":{"line":29,"column":7}},"11":{"start":{"line":31,"column":4},"end":{"line":31,"column":64}},"12":{"start":{"line":32,"column":4},"end":{"line":32,"column":77}},"13":{"start":{"line":36,"column":26},"end":{"line":66,"column":1}},"14":{"start":{"line":37,"column":2},"end":{"line":65,"column":3}},"15":{"start":{"line":38,"column":35},"end":{"line":38,"column":43}},"16":{"start":{"line":39,"column":4},"end":{"line":44,"column":5}},"17":{"start":{"line":40,"column":6},"end":{"line":43,"column":9}},"18":{"start":{"line":46,"column":25},"end":{"line":46,"column":57}},"19":{"start":{"line":47,"column":4},"end":{"line":52,"column":5}},"20":{"start":{"line":48,"column":6},"end":{"line":51,"column":9}},"21":{"start":{"line":55,"column":20},"end":{"line":55,"column":66}},"22":{"start":{"line":56,"column":4},"end":{"line":56,"column":25}},"23":{"start":{"line":57,"column":4},"end":{"line":61,"column":7}},"24":{"start":{"line":63,"column":4},"end":{"line":63,"column":59}},"25":{"start":{"line":64,"column":4},"end":{"line":64,"column":77}}},"fnMap":{"0":{"name":"(anonymous_0)","decl":{"start":{"line":3,"column":25},"end":{"line":3,"column":26}},"loc":{"start":{"line":3,"column":45},"end":{"line":34,"column":1}},"line":3},"1":{"name":"(anonymous_1)","decl":{"start":{"line":36,"column":26},"end":{"line":36,"column":27}},"loc":{"start":{"line":36,"column":46},"end":{"line":66,"column":1}},"line":36}},"branchMap":{"0":{"loc":{"start":{"line":7,"column":4},"end":{"line":11,"column":5}},"type":"if","locations":[{"start":{"line":7,"column":4},"end":{"line":11,"column":5}},{"start":{},"end":{}}],"line":7},"1":{"loc":{"start":{"line":13,"column":4},"end":{"line":17,"column":5}},"type":"if","locations":[{"start":{"line":13,"column":4},"end":{"line":17,"column":5}},{"start":{},"end":{}}],"line":13},"2":{"loc":{"start":{"line":39,"column":4},"end":{"line":44,"column":5}},"type":"if","locations":[{"start":{"line":39,"column":4},"end":{"line":44,"column":5}},{"start":{},"end":{}}],"line":39},"3":{"loc":{"start":{"line":39,"column":8},"end":{"line":39,"column":30}},"type":"binary-expr","locations":[{"start":{"line":39,"column":8},"end":{"line":39,"column":17}},{"start":{"line":39,"column":21},"end":{"line":39,"column":30}}],"line":39},"4":{"loc":{"start":{"line":47,"column":4},"end":{"line":52,"column":5}},"type":"if","locations":[{"start":{"line":47,"column":4},"end":{"line":52,"column":5}},{"start":{},"end":{}}],"line":47}},"s":{"0":5,"1":0,"2":0,"3":0,"4":0,"5":0,"6":0,"7":0,"8":0,"9":0,"10":0,"11":0,"12":0,"13":5,"14":0,"15":0,"16":0,"17":0,"18":0,"19":0,"20":0,"21":0,"22":0,"23":0,"24":0,"25":0},"f":{"0":0,"1":0},"b":{"0":[0,0],"1":[0,0],"2":[0,0],"3":[0,0],"4":[0,0]},"_coverageSchema":"1a1c01bbd47fc00a2c39e90264f33305004495a9","hash":"a85aa30765da3275579ab89b20f70b890165f11b"}
,"/home/lucian/Software_dev/Projects/The-Geek-Shop/backend/middleware/auth.js": {"path":"/home/lucian/Software_dev/Projects/The-Geek-Shop/backend/middleware/auth.js","statementMap":{"0":{"start":{"line":4,"column":0},"end":{"line":4,"column":16}},"1":{"start":{"line":6,"column":27},"end":{"line":37,"column":1}},"2":{"start":{"line":7,"column":21},"end":{"line":7,"column":46}},"3":{"start":{"line":10,"column":2},"end":{"line":13,"column":3}},"4":{"start":{"line":12,"column":4},"end":{"line":12,"column":78}},"5":{"start":{"line":15,"column":16},"end":{"line":15,"column":40}},"6":{"start":{"line":17,"column":2},"end":{"line":36,"column":3}},"7":{"start":{"line":19,"column":20},"end":{"line":19,"column":61}},"8":{"start":{"line":20,"column":4},"end":{"line":26,"column":5}},"9":{"start":{"line":22,"column":6},"end":{"line":25,"column":9}},"10":{"start":{"line":28,"column":4},"end":{"line":28,"column":23}},"11":{"start":{"line":30,"column":4},"end":{"line":30,"column":11}},"12":{"start":{"line":32,"column":4},"end":{"line":34,"column":5}},"13":{"start":{"line":33,"column":6},"end":{"line":33,"column":80}},"14":{"start":{"line":35,"column":4},"end":{"line":35,"column":78}},"15":{"start":{"line":39,"column":32},"end":{"line":53,"column":1}},"16":{"start":{"line":40,"column":2},"end":{"line":45,"column":3}},"17":{"start":{"line":41,"column":4},"end":{"line":44,"column":7}},"18":{"start":{"line":46,"column":2},"end":{"line":51,"column":3}},"19":{"start":{"line":47,"column":4},"end":{"line":50,"column":7}},"20":{"start":{"line":52,"column":2},"end":{"line":52,"column":9}}},"fnMap":{"0":{"name":"(anonymous_0)","decl":{"start":{"line":6,"column":27},"end":{"line":6,"column":28}},"loc":{"start":{"line":6,"column":47},"end":{"line":37,"column":1}},"line":6},"1":{"name":"(anonymous_1)","decl":{"start":{"line":39,"column":32},"end":{"line":39,"column":33}},"loc":{"start":{"line":39,"column":52},"end":{"line":53,"column":1}},"line":39}},"branchMap":{"0":{"loc":{"start":{"line":10,"column":2},"end":{"line":13,"column":3}},"type":"if","locations":[{"start":{"line":10,"column":2},"end":{"line":13,"column":3}},{"start":{},"end":{}}],"line":10},"1":{"loc":{"start":{"line":10,"column":6},"end":{"line":10,"column":54}},"type":"binary-expr","locations":[{"start":{"line":10,"column":6},"end":{"line":10,"column":17}},{"start":{"line":10,"column":21},"end":{"line":10,"column":54}}],"line":10},"2":{"loc":{"start":{"line":20,"column":4},"end":{"line":26,"column":5}},"type":"if","locations":[{"start":{"line":20,"column":4},"end":{"line":26,"column":5}},{"start":{},"end":{}}],"line":20},"3":{"loc":{"start":{"line":20,"column":8},"end":{"line":20,"column":66}},"type":"binary-expr","locations":[{"start":{"line":20,"column":8},"end":{"line":20,"column":32}},{"start":{"line":20,"column":36},"end":{"line":20,"column":66}}],"line":20},"4":{"loc":{"start":{"line":32,"column":4},"end":{"line":34,"column":5}},"type":"if","locations":[{"start":{"line":32,"column":4},"end":{"line":34,"column":5}},{"start":{},"end":{}}],"line":32},"5":{"loc":{"start":{"line":40,"column":2},"end":{"line":45,"column":3}},"type":"if","locations":[{"start":{"line":40,"column":2},"end":{"line":45,"column":3}},{"start":{},"end":{}}],"line":40},"6":{"loc":{"start":{"line":46,"column":2},"end":{"line":51,"column":3}},"type":"if","locations":[{"start":{"line":46,"column":2},"end":{"line":51,"column":3}},{"start":{},"end":{}}],"line":46}},"s":{"0":5,"1":5,"2":32,"3":32,"4":0,"5":32,"6":32,"7":32,"8":32,"9":0,"10":32,"11":32,"12":0,"13":0,"14":0,"15":5,"16":3,"17":0,"18":3,"19":1,"20":2},"f":{"0":32,"1":3},"b":{"0":[0,32],"1":[32,32],"2":[0,32],"3":[32,2],"4":[0,0],"5":[0,3],"6":[1,2]},"_coverageSchema":"1a1c01bbd47fc00a2c39e90264f33305004495a9","hash":"1fbde5df0cc358c9d0c9dbc9a682e1311549fe6d"}
,"/home/lucian/Software_dev/Projects/The-Geek-Shop/backend/module/category.model.js": {"path":"/home/lucian/Software_dev/Projects/The-Geek-Shop/backend/module/category.model.js","statementMap":{"0":{"start":{"line":3,"column":23},"end":{"line":19,"column":1}},"1":{"start":{"line":21,"column":17},"end":{"line":21,"column":59}}},"fnMap":{},"branchMap":{},"s":{"0":4,"1":4},"f":{},"b":{},"_coverageSchema":"1a1c01bbd47fc00a2c39e90264f33305004495a9","hash":"0ac10016a1d9127a43c612255308c76b14c9109d"}
,"/home/lucian/Software_dev/Projects/The-Geek-Shop/backend/module/order.model.js": {"path":"/home/lucian/Software_dev/Projects/The-Geek-Shop/backend/module/order.model.js","statementMap":{"0":{"start":{"line":3,"column":20},"end":{"line":79,"column":1}},"1":{"start":{"line":81,"column":0},"end":{"line":81,"column":73}},"2":{"start":{"line":83,"column":14},"end":{"line":83,"column":50}}},"fnMap":{},"branchMap":{},"s":{"0":4,"1":4,"2":4},"f":{},"b":{},"_coverageSchema":"1a1c01bbd47fc00a2c39e90264f33305004495a9","hash":"b97683293197ac527c802af8ac7ab79ade746e3c"}
,"/home/lucian/Software_dev/Projects/The-Geek-Shop/backend/module/product.model.js": {"path":"/home/lucian/Software_dev/Projects/The-Geek-Shop/backend/module/product.model.js","statementMap":{"0":{"start":{"line":3,"column":22},"end":{"line":65,"column":1}},"1":{"start":{"line":67,"column":0},"end":{"line":77,"column":3}},"2":{"start":{"line":68,"column":18},"end":{"line":68,"column":22}},"3":{"start":{"line":69,"column":17},"end":{"line":69,"column":20}},"4":{"start":{"line":70,"column":20},"end":{"line":70,"column":67}},"5":{"start":{"line":71,"column":19},"end":{"line":71,"column":66}},"6":{"start":{"line":72,"column":20},"end":{"line":72,"column":72}},"7":{"start":{"line":75,"column":2},"end":{"line":75,"column":60}},"8":{"start":{"line":76,"column":2},"end":{"line":76,"column":9}},"9":{"start":{"line":79,"column":0},"end":{"line":79,"column":59}},"10":{"start":{"line":81,"column":16},"end":{"line":81,"column":56}}},"fnMap":{"0":{"name":"(anonymous_0)","decl":{"start":{"line":67,"column":26},"end":{"line":67,"column":27}},"loc":{"start":{"line":67,"column":42},"end":{"line":77,"column":1}},"line":67}},"branchMap":{"0":{"loc":{"start":{"line":71,"column":19},"end":{"line":71,"column":66}},"type":"cond-expr","locations":[{"start":{"line":71,"column":42},"end":{"line":71,"column":62}},{"start":{"line":71,"column":65},"end":{"line":71,"column":66}}],"line":71}},"s":{"0":3,"1":3,"2":0,"3":0,"4":0,"5":0,"6":0,"7":0,"8":0,"9":3,"10":3},"f":{"0":0},"b":{"0":[0,0]},"_coverageSchema":"1a1c01bbd47fc00a2c39e90264f33305004495a9","hash":"26e99f2418b669842c60bb075d0a0a7f20c56755"}
,"/home/lucian/Software_dev/Projects/The-Geek-Shop/backend/module/role.model.js": {"path":"/home/lucian/Software_dev/Projects/The-Geek-Shop/backend/module/role.model.js","statementMap":{"0":{"start":{"line":5,"column":19},"end":{"line":26,"column":1}},"1":{"start":{"line":31,"column":0},"end":{"line":41,"column":3}},"2":{"start":{"line":32,"column":2},"end":{"line":40,"column":3}},"3":{"start":{"line":35,"column":4},"end":{"line":35,"column":52}},"4":{"start":{"line":35,"column":38},"end":{"line":35,"column":52}},"5":{"start":{"line":37,"column":4},"end":{"line":37,"column":58}},"6":{"start":{"line":39,"column":4},"end":{"line":39,"column":16}},"7":{"start":{"line":44,"column":0},"end":{"line":46,"column":2}},"8":{"start":{"line":45,"column":2},"end":{"line":45,"column":57}},"9":{"start":{"line":48,"column":13},"end":{"line":48,"column":47}}},"fnMap":{"0":{"name":"(anonymous_0)","decl":{"start":{"line":31,"column":23},"end":{"line":31,"column":24}},"loc":{"start":{"line":31,"column":45},"end":{"line":41,"column":1}},"line":31},"1":{"name":"(anonymous_1)","decl":{"start":{"line":44,"column":37},"end":{"line":44,"column":38}},"loc":{"start":{"line":44,"column":70},"end":{"line":46,"column":1}},"line":44}},"branchMap":{"0":{"loc":{"start":{"line":35,"column":4},"end":{"line":35,"column":52}},"type":"if","locations":[{"start":{"line":35,"column":4},"end":{"line":35,"column":52}},{"start":{},"end":{}}],"line":35}},"s":{"0":4,"1":4,"2":0,"3":0,"4":0,"5":0,"6":0,"7":4,"8":0,"9":4},"f":{"0":0,"1":0},"b":{"0":[0,0]},"_coverageSchema":"1a1c01bbd47fc00a2c39e90264f33305004495a9","hash":"6714fec609a75d633aeab54cd8e479451d08565c"}
,"/home/lucian/Software_dev/Projects/The-Geek-Shop/backend/routes/admin.routes.js": {"path":"/home/lucian/Software_dev/Projects/The-Geek-Shop/backend/routes/admin.routes.js","statementMap":{"0":{"start":{"line":23,"column":20},"end":{"line":23,"column":36}},"1":{"start":{"line":26,"column":0},"end":{"line":26,"column":39}},"2":{"start":{"line":28,"column":0},"end":{"line":28,"column":71}},"3":{"start":{"line":30,"column":0},"end":{"line":30,"column":66}},"4":{"start":{"line":32,"column":0},"end":{"line":32,"column":57}},"5":{"start":{"line":35,"column":0},"end":{"line":35,"column":55}},"6":{"start":{"line":37,"column":0},"end":{"line":37,"column":75}},"7":{"start":{"line":39,"column":0},"end":{"line":39,"column":69}},"8":{"start":{"line":41,"column":0},"end":{"line":41,"column":66}},"9":{"start":{"line":45,"column":0},"end":{"line":45,"column":56}},"10":{"start":{"line":47,"column":0},"end":{"line":47,"column":63}},"11":{"start":{"line":49,"column":0},"end":{"line":49,"column":65}},"12":{"start":{"line":52,"column":0},"end":{"line":52,"column":62}}},"fnMap":{},"branchMap":{},"s":{"0":5,"1":5,"2":5,"3":5,"4":5,"5":5,"6":5,"7":5,"8":5,"9":5,"10":5,"11":5,"12":5},"f":{},"b":{},"_coverageSchema":"1a1c01bbd47fc00a2c39e90264f33305004495a9","hash":"0e5c02e5250fa41ee90fb4ef9075d43088c59d85"}
,"/home/lucian/Software_dev/Projects/The-Geek-Shop/backend/routes/category.routes.js": {"path":"/home/lucian/Software_dev/Projects/The-Geek-Shop/backend/routes/category.routes.js","statementMap":{"0":{"start":{"line":10,"column":23},"end":{"line":10,"column":39}},"1":{"start":{"line":12,"column":0},"end":{"line":12,"column":55}},"2":{"start":{"line":13,"column":0},"end":{"line":13,"column":54}},"3":{"start":{"line":14,"column":0},"end":{"line":14,"column":56}},"4":{"start":{"line":15,"column":0},"end":{"line":15,"column":59}}},"fnMap":{},"branchMap":{},"s":{"0":5,"1":5,"2":5,"3":5,"4":5},"f":{},"b":{},"_coverageSchema":"1a1c01bbd47fc00a2c39e90264f33305004495a9","hash":"1adbcad26e2facdf411ef2cee57c3bb297f93f4e"}
,"/home/lucian/Software_dev/Projects/The-Geek-Shop/backend/routes/user.routes.js": {"path":"/home/lucian/Software_dev/Projects/The-Geek-Shop/backend/routes/user.routes.js","statementMap":{"0":{"start":{"line":10,"column":19},"end":{"line":10,"column":35}},"1":{"start":{"line":13,"column":0},"end":{"line":13,"column":33}},"2":{"start":{"line":15,"column":0},"end":{"line":15,"column":41}},"3":{"start":{"line":17,"column":0},"end":{"line":17,"column":52}},"4":{"start":{"line":21,"column":0},"end":{"line":21,"column":37}},"5":{"start":{"line":22,"column":0},"end":{"line":22,"column":46}},"6":{"start":{"line":28,"column":0},"end":{"line":28,"column":38}},"7":{"start":{"line":31,"column":0},"end":{"line":31,"column":46}},"8":{"start":{"line":34,"column":0},"end":{"line":34,"column":51}}},"fnMap":{"0":{"name":"(anonymous_0)","decl":{"start":{"line":31,"column":28},"end":{"line":31,"column":29}},"loc":{"start":{"line":31,"column":42},"end":{"line":31,"column":44}},"line":31},"1":{"name":"(anonymous_1)","decl":{"start":{"line":34,"column":33},"end":{"line":34,"column":34}},"loc":{"start":{"line":34,"column":47},"end":{"line":34,"column":49}},"line":34}},"branchMap":{},"s":{"0":5,"1":5,"2":5,"3":5,"4":5,"5":5,"6":5,"7":5,"8":5},"f":{"0":0,"1":0},"b":{},"_coverageSchema":"1a1c01bbd47fc00a2c39e90264f33305004495a9","hash":"30bb8c1632df9bccb25d846a17fabffa4915316b"}
}
