{"/home/lucian/Software_dev/Projects/the-geek-shop/backend/controllers/auth.controller.js": {"path":"/home/lucian/Software_dev/Projects/the-geek-shop/backend/controllers/auth.controller.js","statementMap":{"0":{"start":{"line":9,"column":21},"end":{"line":57,"column":1}},"1":{"start":{"line":10,"column":2},"end":{"line":56,"column":3}},"2":{"start":{"line":11,"column":35},"end":{"line":11,"column":43}},"3":{"start":{"line":13,"column":17},"end":{"line":13,"column":69}},"4":{"start":{"line":14,"column":4},"end":{"line":17,"column":5}},"5":{"start":{"line":15,"column":6},"end":{"line":15,"column":76}},"6":{"start":{"line":16,"column":6},"end":{"line":16,"column":13}},"7":{"start":{"line":19,"column":20},"end":{"line":19,"column":56}},"8":{"start":{"line":20,"column":4},"end":{"line":23,"column":5}},"9":{"start":{"line":21,"column":6},"end":{"line":21,"column":76}},"10":{"start":{"line":22,"column":6},"end":{"line":22,"column":13}},"11":{"start":{"line":25,"column":42},"end":{"line":25,"column":62}},"12":{"start":{"line":28,"column":25},"end":{"line":32,"column":6}},"13":{"start":{"line":33,"column":4},"end":{"line":39,"column":5}},"14":{"start":{"line":34,"column":6},"end":{"line":37,"column":9}},"15":{"start":{"line":38,"column":6},"end":{"line":38,"column":13}},"16":{"start":{"line":41,"column":4},"end":{"line":46,"column":7}},"17":{"start":{"line":48,"column":4},"end":{"line":52,"column":7}},"18":{"start":{"line":54,"column":4},"end":{"line":54,"column":58}},"19":{"start":{"line":55,"column":4},"end":{"line":55,"column":70}},"20":{"start":{"line":59,"column":34},"end":{"line":119,"column":1}},"21":{"start":{"line":60,"column":2},"end":{"line":118,"column":3}},"22":{"start":{"line":62,"column":25},"end":{"line":62,"column":49}},"23":{"start":{"line":63,"column":4},"end":{"line":68,"column":5}},"24":{"start":{"line":64,"column":6},"end":{"line":66,"column":72}},"25":{"start":{"line":67,"column":6},"end":{"line":67,"column":13}},"26":{"start":{"line":71,"column":24},"end":{"line":71,"column":75}},"27":{"start":{"line":72,"column":4},"end":{"line":77,"column":5}},"28":{"start":{"line":73,"column":6},"end":{"line":75,"column":68}},"29":{"start":{"line":76,"column":6},"end":{"line":76,"column":13}},"30":{"start":{"line":80,"column":4},"end":{"line":86,"column":5}},"31":{"start":{"line":81,"column":6},"end":{"line":81,"column":61}},"32":{"start":{"line":82,"column":6},"end":{"line":84,"column":68}},"33":{"start":{"line":85,"column":6},"end":{"line":85,"column":13}},"34":{"start":{"line":90,"column":4},"end":{"line":100,"column":5}},"35":{"start":{"line":91,"column":6},"end":{"line":91,"column":73}},"36":{"start":{"line":95,"column":6},"end":{"line":95,"column":61}},"37":{"start":{"line":96,"column":6},"end":{"line":98,"column":68}},"38":{"start":{"line":99,"column":6},"end":{"line":99,"column":13}},"39":{"start":{"line":102,"column":17},"end":{"line":102,"column":48}},"40":{"start":{"line":103,"column":4},"end":{"line":106,"column":5}},"41":{"start":{"line":104,"column":6},"end":{"line":104,"column":74}},"42":{"start":{"line":105,"column":6},"end":{"line":105,"column":13}},"43":{"start":{"line":108,"column":24},"end":{"line":108,"column":49}},"44":{"start":{"line":110,"column":4},"end":{"line":114,"column":7}},"45":{"start":{"line":116,"column":4},"end":{"line":116,"column":62}},"46":{"start":{"line":117,"column":4},"end":{"line":117,"column":70}},"47":{"start":{"line":121,"column":22},"end":{"line":153,"column":1}},"48":{"start":{"line":122,"column":2},"end":{"line":152,"column":3}},"49":{"start":{"line":123,"column":25},"end":{"line":123,"column":49}},"50":{"start":{"line":125,"column":4},"end":{"line":130,"column":5}},"51":{"start":{"line":126,"column":6},"end":{"line":128,"column":72}},"52":{"start":{"line":129,"column":6},"end":{"line":129,"column":13}},"53":{"start":{"line":132,"column":25},"end":{"line":132,"column":78}},"54":{"start":{"line":134,"column":4},"end":{"line":140,"column":5}},"55":{"start":{"line":135,"column":6},"end":{"line":138,"column":9}},"56":{"start":{"line":139,"column":6},"end":{"line":139,"column":13}},"57":{"start":{"line":143,"column":4},"end":{"line":143,"column":36}},"58":{"start":{"line":145,"column":4},"end":{"line":148,"column":7}},"59":{"start":{"line":150,"column":4},"end":{"line":150,"column":59}},"60":{"start":{"line":151,"column":4},"end":{"line":151,"column":70}},"61":{"start":{"line":155,"column":22},"end":{"line":209,"column":1}},"62":{"start":{"line":156,"column":2},"end":{"line":208,"column":3}},"63":{"start":{"line":157,"column":42},"end":{"line":157,"column":50}},"64":{"start":{"line":160,"column":4},"end":{"line":166,"column":5}},"65":{"start":{"line":161,"column":6},"end":{"line":164,"column":9}},"66":{"start":{"line":165,"column":6},"end":{"line":165,"column":13}},"67":{"start":{"line":168,"column":29},"end":{"line":168,"column":61}},"68":{"start":{"line":169,"column":4},"end":{"line":175,"column":5}},"69":{"start":{"line":170,"column":6},"end":{"line":173,"column":9}},"70":{"start":{"line":174,"column":6},"end":{"line":174,"column":13}},"71":{"start":{"line":178,"column":26},"end":{"line":178,"column":55}},"72":{"start":{"line":179,"column":4},"end":{"line":185,"column":5}},"73":{"start":{"line":180,"column":6},"end":{"line":183,"column":9}},"74":{"start":{"line":184,"column":6},"end":{"line":184,"column":13}},"75":{"start":{"line":188,"column":20},"end":{"line":188,"column":59}},"76":{"start":{"line":190,"column":4},"end":{"line":190,"column":25}},"77":{"start":{"line":193,"column":4},"end":{"line":200,"column":7}},"78":{"start":{"line":202,"column":4},"end":{"line":202,"column":49}},"79":{"start":{"line":203,"column":4},"end":{"line":207,"column":7}}},"fnMap":{"0":{"name":"(anonymous_0)","decl":{"start":{"line":9,"column":21},"end":{"line":9,"column":22}},"loc":{"start":{"line":9,"column":41},"end":{"line":57,"column":1}},"line":9},"1":{"name":"(anonymous_1)","decl":{"start":{"line":59,"column":34},"end":{"line":59,"column":35}},"loc":{"start":{"line":59,"column":54},"end":{"line":119,"column":1}},"line":59},"2":{"name":"(anonymous_2)","decl":{"start":{"line":121,"column":22},"end":{"line":121,"column":23}},"loc":{"start":{"line":121,"column":42},"end":{"line":153,"column":1}},"line":121},"3":{"name":"(anonymous_3)","decl":{"start":{"line":155,"column":22},"end":{"line":155,"column":23}},"loc":{"start":{"line":155,"column":42},"end":{"line":209,"column":1}},"line":155}},"branchMap":{"0":{"loc":{"start":{"line":14,"column":4},"end":{"line":17,"column":5}},"type":"if","locations":[{"start":{"line":14,"column":4},"end":{"line":17,"column":5}},{"start":{},"end":{}}],"line":14},"1":{"loc":{"start":{"line":20,"column":4},"end":{"line":23,"column":5}},"type":"if","locations":[{"start":{"line":20,"column":4},"end":{"line":23,"column":5}},{"start":{},"end":{}}],"line":20},"2":{"loc":{"start":{"line":33,"column":4},"end":{"line":39,"column":5}},"type":"if","locations":[{"start":{"line":33,"column":4},"end":{"line":39,"column":5}},{"start":{},"end":{}}],"line":33},"3":{"loc":{"start":{"line":63,"column":4},"end":{"line":68,"column":5}},"type":"if","locations":[{"start":{"line":63,"column":4},"end":{"line":68,"column":5}},{"start":{},"end":{}}],"line":63},"4":{"loc":{"start":{"line":72,"column":4},"end":{"line":77,"column":5}},"type":"if","locations":[{"start":{"line":72,"column":4},"end":{"line":77,"column":5}},{"start":{},"end":{}}],"line":72},"5":{"loc":{"start":{"line":80,"column":4},"end":{"line":86,"column":5}},"type":"if","locations":[{"start":{"line":80,"column":4},"end":{"line":86,"column":5}},{"start":{},"end":{}}],"line":80},"6":{"loc":{"start":{"line":103,"column":4},"end":{"line":106,"column":5}},"type":"if","locations":[{"start":{"line":103,"column":4},"end":{"line":106,"column":5}},{"start":{},"end":{}}],"line":103},"7":{"loc":{"start":{"line":125,"column":4},"end":{"line":130,"column":5}},"type":"if","locations":[{"start":{"line":125,"column":4},"end":{"line":130,"column":5}},{"start":{},"end":{}}],"line":125},"8":{"loc":{"start":{"line":134,"column":4},"end":{"line":140,"column":5}},"type":"if","locations":[{"start":{"line":134,"column":4},"end":{"line":140,"column":5}},{"start":{},"end":{}}],"line":134},"9":{"loc":{"start":{"line":160,"column":4},"end":{"line":166,"column":5}},"type":"if","locations":[{"start":{"line":160,"column":4},"end":{"line":166,"column":5}},{"start":{},"end":{}}],"line":160},"10":{"loc":{"start":{"line":160,"column":8},"end":{"line":160,"column":40}},"type":"binary-expr","locations":[{"start":{"line":160,"column":8},"end":{"line":160,"column":17}},{"start":{"line":160,"column":21},"end":{"line":160,"column":30}},{"start":{"line":160,"column":34},"end":{"line":160,"column":40}}],"line":160},"11":{"loc":{"start":{"line":169,"column":4},"end":{"line":175,"column":5}},"type":"if","locations":[{"start":{"line":169,"column":4},"end":{"line":175,"column":5}},{"start":{},"end":{}}],"line":169},"12":{"loc":{"start":{"line":179,"column":4},"end":{"line":185,"column":5}},"type":"if","locations":[{"start":{"line":179,"column":4},"end":{"line":185,"column":5}},{"start":{},"end":{}}],"line":179},"13":{"loc":{"start":{"line":206,"column":15},"end":{"line":206,"column":71}},"type":"cond-expr","locations":[{"start":{"line":206,"column":40},"end":{"line":206,"column":53}},{"start":{"line":206,"column":56},"end":{"line":206,"column":71}}],"line":206}},"s":{"0":1,"1":5,"2":5,"3":5,"4":4,"5":1,"6":1,"7":3,"8":3,"9":1,"10":1,"11":2,"12":2,"13":2,"14":1,"15":1,"16":1,"17":1,"18":1,"19":1,"20":1,"21":7,"22":7,"23":7,"24":1,"25":1,"26":6,"27":5,"28":1,"29":1,"30":4,"31":1,"32":1,"33":1,"34":3,"35":3,"36":1,"37":1,"38":1,"39":2,"40":2,"41":1,"42":1,"43":1,"44":1,"45":1,"46":1,"47":1,"48":4,"49":4,"50":4,"51":1,"52":1,"53":3,"54":2,"55":1,"56":1,"57":1,"58":1,"59":1,"60":1,"61":1,"62":5,"63":5,"64":5,"65":1,"66":1,"67":4,"68":3,"69":1,"70":1,"71":2,"72":2,"73":1,"74":1,"75":1,"76":1,"77":1,"78":1,"79":1},"f":{"0":5,"1":7,"2":4,"3":5},"b":{"0":[1,3],"1":[1,2],"2":[1,1],"3":[1,6],"4":[1,4],"5":[1,3],"6":[1,1],"7":[1,3],"8":[1,1],"9":[1,4],"10":[5,5,5],"11":[1,2],"12":[1,1],"13":[1,0]},"_coverageSchema":"1a1c01bbd47fc00a2c39e90264f33305004495a9","hash":"6c9fcb5d33feb463c9c40aa5ee4ca43d30277cfb"}
,"/home/lucian/Software_dev/Projects/the-geek-shop/backend/controllers/category.controller.js": {"path":"/home/lucian/Software_dev/Projects/the-geek-shop/backend/controllers/category.controller.js","statementMap":{"0":{"start":{"line":3,"column":32},"end":{"line":11,"column":1}},"1":{"start":{"line":4,"column":2},"end":{"line":10,"column":3}},"2":{"start":{"line":5,"column":23},"end":{"line":5,"column":44}},"3":{"start":{"line":6,"column":4},"end":{"line":6,"column":69}},"4":{"start":{"line":8,"column":4},"end":{"line":8,"column":65}},"5":{"start":{"line":9,"column":4},"end":{"line":9,"column":77}},"6":{"start":{"line":13,"column":27},"end":{"line":45,"column":1}},"7":{"start":{"line":14,"column":2},"end":{"line":44,"column":3}},"8":{"start":{"line":15,"column":34},"end":{"line":15,"column":42}},"9":{"start":{"line":18,"column":4},"end":{"line":23,"column":5}},"10":{"start":{"line":19,"column":6},"end":{"line":22,"column":9}},"11":{"start":{"line":26,"column":29},"end":{"line":26,"column":61}},"12":{"start":{"line":27,"column":4},"end":{"line":32,"column":5}},"13":{"start":{"line":28,"column":6},"end":{"line":31,"column":9}},"14":{"start":{"line":35,"column":24},"end":{"line":35,"column":59}},"15":{"start":{"line":36,"column":4},"end":{"line":36,"column":29}},"16":{"start":{"line":37,"column":4},"end":{"line":40,"column":7}},"17":{"start":{"line":42,"column":4},"end":{"line":42,"column":61}},"18":{"start":{"line":43,"column":4},"end":{"line":43,"column":77}},"19":{"start":{"line":47,"column":30},"end":{"line":76,"column":1}},"20":{"start":{"line":48,"column":2},"end":{"line":75,"column":3}},"21":{"start":{"line":49,"column":19},"end":{"line":49,"column":29}},"22":{"start":{"line":50,"column":34},"end":{"line":50,"column":42}},"23":{"start":{"line":52,"column":28},"end":{"line":56,"column":5}},"24":{"start":{"line":58,"column":4},"end":{"line":63,"column":5}},"25":{"start":{"line":59,"column":6},"end":{"line":62,"column":9}},"26":{"start":{"line":65,"column":4},"end":{"line":68,"column":7}},"27":{"start":{"line":70,"column":4},"end":{"line":70,"column":63}},"28":{"start":{"line":71,"column":4},"end":{"line":74,"column":7}},"29":{"start":{"line":78,"column":30},"end":{"line":95,"column":1}},"30":{"start":{"line":79,"column":2},"end":{"line":94,"column":3}},"31":{"start":{"line":80,"column":19},"end":{"line":80,"column":29}},"32":{"start":{"line":82,"column":28},"end":{"line":82,"column":64}},"33":{"start":{"line":83,"column":4},"end":{"line":87,"column":5}},"34":{"start":{"line":84,"column":6},"end":{"line":86,"column":65}},"35":{"start":{"line":88,"column":4},"end":{"line":90,"column":73}},"36":{"start":{"line":92,"column":4},"end":{"line":92,"column":63}},"37":{"start":{"line":93,"column":4},"end":{"line":93,"column":77}}},"fnMap":{"0":{"name":"(anonymous_0)","decl":{"start":{"line":3,"column":32},"end":{"line":3,"column":33}},"loc":{"start":{"line":3,"column":52},"end":{"line":11,"column":1}},"line":3},"1":{"name":"(anonymous_1)","decl":{"start":{"line":13,"column":27},"end":{"line":13,"column":28}},"loc":{"start":{"line":13,"column":47},"end":{"line":45,"column":1}},"line":13},"2":{"name":"(anonymous_2)","decl":{"start":{"line":47,"column":30},"end":{"line":47,"column":31}},"loc":{"start":{"line":47,"column":50},"end":{"line":76,"column":1}},"line":47},"3":{"name":"(anonymous_3)","decl":{"start":{"line":78,"column":30},"end":{"line":78,"column":31}},"loc":{"start":{"line":78,"column":50},"end":{"line":95,"column":1}},"line":78}},"branchMap":{"0":{"loc":{"start":{"line":18,"column":4},"end":{"line":23,"column":5}},"type":"if","locations":[{"start":{"line":18,"column":4},"end":{"line":23,"column":5}},{"start":{},"end":{}}],"line":18},"1":{"loc":{"start":{"line":27,"column":4},"end":{"line":32,"column":5}},"type":"if","locations":[{"start":{"line":27,"column":4},"end":{"line":32,"column":5}},{"start":{},"end":{}}],"line":27},"2":{"loc":{"start":{"line":58,"column":4},"end":{"line":63,"column":5}},"type":"if","locations":[{"start":{"line":58,"column":4},"end":{"line":63,"column":5}},{"start":{},"end":{}}],"line":58},"3":{"loc":{"start":{"line":83,"column":4},"end":{"line":87,"column":5}},"type":"if","locations":[{"start":{"line":83,"column":4},"end":{"line":87,"column":5}},{"start":{},"end":{}}],"line":83}},"s":{"0":1,"1":2,"2":2,"3":1,"4":1,"5":1,"6":1,"7":4,"8":4,"9":4,"10":1,"11":3,"12":2,"13":1,"14":1,"15":1,"16":1,"17":1,"18":1,"19":1,"20":3,"21":3,"22":3,"23":3,"24":2,"25":1,"26":1,"27":1,"28":1,"29":1,"30":3,"31":3,"32":3,"33":2,"34":1,"35":1,"36":1,"37":1},"f":{"0":2,"1":4,"2":3,"3":3},"b":{"0":[1,3],"1":[1,1],"2":[1,1],"3":[1,1]},"_coverageSchema":"1a1c01bbd47fc00a2c39e90264f33305004495a9","hash":"a422900e11c9c2146404bc7b6b322c414aaa55bf"}
,"/home/lucian/Software_dev/Projects/the-geek-shop/backend/controllers/order.admin.controller.js": {"path":"/home/lucian/Software_dev/Projects/the-geek-shop/backend/controllers/order.admin.controller.js","statementMap":{"0":{"start":{"line":5,"column":25},"end":{"line":13,"column":1}},"1":{"start":{"line":6,"column":2},"end":{"line":12,"column":3}},"2":{"start":{"line":7,"column":19},"end":{"line":7,"column":39}},"3":{"start":{"line":8,"column":4},"end":{"line":8,"column":65}},"4":{"start":{"line":10,"column":4},"end":{"line":10,"column":61}},"5":{"start":{"line":11,"column":4},"end":{"line":11,"column":77}},"6":{"start":{"line":15,"column":28},"end":{"line":29,"column":1}},"7":{"start":{"line":16,"column":2},"end":{"line":28,"column":3}},"8":{"start":{"line":17,"column":19},"end":{"line":17,"column":29}},"9":{"start":{"line":18,"column":18},"end":{"line":18,"column":42}},"10":{"start":{"line":19,"column":4},"end":{"line":23,"column":5}},"11":{"start":{"line":20,"column":6},"end":{"line":22,"column":62}},"12":{"start":{"line":24,"column":4},"end":{"line":24,"column":64}},"13":{"start":{"line":26,"column":4},"end":{"line":26,"column":61}},"14":{"start":{"line":27,"column":4},"end":{"line":27,"column":77}},"15":{"start":{"line":31,"column":27},"end":{"line":73,"column":1}},"16":{"start":{"line":32,"column":17},"end":{"line":32,"column":27}},"17":{"start":{"line":33,"column":21},"end":{"line":33,"column":29}},"18":{"start":{"line":35,"column":2},"end":{"line":39,"column":3}},"19":{"start":{"line":36,"column":4},"end":{"line":38,"column":68}},"20":{"start":{"line":41,"column":2},"end":{"line":72,"column":3}},"21":{"start":{"line":43,"column":26},"end":{"line":43,"column":50}},"22":{"start":{"line":45,"column":4},"end":{"line":49,"column":5}},"23":{"start":{"line":46,"column":6},"end":{"line":48,"column":62}},"24":{"start":{"line":52,"column":4},"end":{"line":61,"column":7}},"25":{"start":{"line":53,"column":6},"end":{"line":60,"column":7}},"26":{"start":{"line":54,"column":8},"end":{"line":54,"column":78}},"27":{"start":{"line":55,"column":13},"end":{"line":60,"column":7}},"28":{"start":{"line":56,"column":8},"end":{"line":56,"column":78}},"29":{"start":{"line":59,"column":8},"end":{"line":59,"column":45}},"30":{"start":{"line":64,"column":25},"end":{"line":64,"column":51}},"31":{"start":{"line":66,"column":4},"end":{"line":66,"column":71}},"32":{"start":{"line":68,"column":4},"end":{"line":68,"column":60}},"33":{"start":{"line":69,"column":4},"end":{"line":71,"column":74}},"34":{"start":{"line":75,"column":27},"end":{"line":113,"column":1}},"35":{"start":{"line":76,"column":2},"end":{"line":112,"column":3}},"36":{"start":{"line":77,"column":49},"end":{"line":77,"column":58}},"37":{"start":{"line":79,"column":18},"end":{"line":79,"column":20}},"38":{"start":{"line":81,"column":4},"end":{"line":81,"column":42}},"39":{"start":{"line":84,"column":23},"end":{"line":84,"column":41}},"40":{"start":{"line":85,"column":24},"end":{"line":85,"column":43}},"41":{"start":{"line":86,"column":17},"end":{"line":86,"column":47}},"42":{"start":{"line":88,"column":19},"end":{"line":88,"column":72}},"43":{"start":{"line":90,"column":24},"end":{"line":90,"column":57}},"44":{"start":{"line":92,"column":4},"end":{"line":97,"column":5}},"45":{"start":{"line":93,"column":6},"end":{"line":96,"column":9}},"46":{"start":{"line":99,"column":4},"end":{"line":108,"column":7}},"47":{"start":{"line":110,"column":4},"end":{"line":110,"column":65}},"48":{"start":{"line":111,"column":4},"end":{"line":111,"column":77}},"49":{"start":{"line":117,"column":31},"end":{"line":136,"column":1}},"50":{"start":{"line":118,"column":2},"end":{"line":135,"column":3}},"51":{"start":{"line":119,"column":26},"end":{"line":119,"column":36}},"52":{"start":{"line":120,"column":4},"end":{"line":120,"column":56}},"53":{"start":{"line":122,"column":19},"end":{"line":126,"column":13}},"54":{"start":{"line":128,"column":4},"end":{"line":131,"column":7}},"55":{"start":{"line":133,"column":4},"end":{"line":133,"column":60}},"56":{"start":{"line":134,"column":4},"end":{"line":134,"column":77}}},"fnMap":{"0":{"name":"(anonymous_0)","decl":{"start":{"line":5,"column":25},"end":{"line":5,"column":26}},"loc":{"start":{"line":5,"column":45},"end":{"line":13,"column":1}},"line":5},"1":{"name":"(anonymous_1)","decl":{"start":{"line":15,"column":28},"end":{"line":15,"column":29}},"loc":{"start":{"line":15,"column":48},"end":{"line":29,"column":1}},"line":15},"2":{"name":"(anonymous_2)","decl":{"start":{"line":31,"column":27},"end":{"line":31,"column":28}},"loc":{"start":{"line":31,"column":47},"end":{"line":73,"column":1}},"line":31},"3":{"name":"(anonymous_3)","decl":{"start":{"line":52,"column":36},"end":{"line":52,"column":37}},"loc":{"start":{"line":52,"column":45},"end":{"line":61,"column":5}},"line":52},"4":{"name":"(anonymous_4)","decl":{"start":{"line":75,"column":27},"end":{"line":75,"column":28}},"loc":{"start":{"line":75,"column":47},"end":{"line":113,"column":1}},"line":75},"5":{"name":"(anonymous_5)","decl":{"start":{"line":117,"column":31},"end":{"line":117,"column":32}},"loc":{"start":{"line":117,"column":51},"end":{"line":136,"column":1}},"line":117}},"branchMap":{"0":{"loc":{"start":{"line":19,"column":4},"end":{"line":23,"column":5}},"type":"if","locations":[{"start":{"line":19,"column":4},"end":{"line":23,"column":5}},{"start":{},"end":{}}],"line":19},"1":{"loc":{"start":{"line":35,"column":2},"end":{"line":39,"column":3}},"type":"if","locations":[{"start":{"line":35,"column":2},"end":{"line":39,"column":3}},{"start":{},"end":{}}],"line":35},"2":{"loc":{"start":{"line":45,"column":4},"end":{"line":49,"column":5}},"type":"if","locations":[{"start":{"line":45,"column":4},"end":{"line":49,"column":5}},{"start":{},"end":{}}],"line":45},"3":{"loc":{"start":{"line":53,"column":6},"end":{"line":60,"column":7}},"type":"if","locations":[{"start":{"line":53,"column":6},"end":{"line":60,"column":7}},{"start":{"line":55,"column":13},"end":{"line":60,"column":7}}],"line":53},"4":{"loc":{"start":{"line":53,"column":10},"end":{"line":53,"column":51}},"type":"binary-expr","locations":[{"start":{"line":53,"column":10},"end":{"line":53,"column":28}},{"start":{"line":53,"column":32},"end":{"line":53,"column":51}}],"line":53},"5":{"loc":{"start":{"line":55,"column":13},"end":{"line":60,"column":7}},"type":"if","locations":[{"start":{"line":55,"column":13},"end":{"line":60,"column":7}},{"start":{"line":57,"column":13},"end":{"line":60,"column":7}}],"line":55},"6":{"loc":{"start":{"line":55,"column":17},"end":{"line":55,"column":58}},"type":"binary-expr","locations":[{"start":{"line":55,"column":17},"end":{"line":55,"column":35}},{"start":{"line":55,"column":39},"end":{"line":55,"column":58}}],"line":55},"7":{"loc":{"start":{"line":71,"column":39},"end":{"line":71,"column":70}},"type":"binary-expr","locations":[{"start":{"line":71,"column":39},"end":{"line":71,"column":52}},{"start":{"line":71,"column":56},"end":{"line":71,"column":70}}],"line":71},"8":{"loc":{"start":{"line":77,"column":24},"end":{"line":77,"column":32}},"type":"default-arg","locations":[{"start":{"line":77,"column":31},"end":{"line":77,"column":32}}],"line":77},"9":{"loc":{"start":{"line":77,"column":34},"end":{"line":77,"column":44}},"type":"default-arg","locations":[{"start":{"line":77,"column":42},"end":{"line":77,"column":44}}],"line":77},"10":{"loc":{"start":{"line":92,"column":4},"end":{"line":97,"column":5}},"type":"if","locations":[{"start":{"line":92,"column":4},"end":{"line":97,"column":5}},{"start":{},"end":{}}],"line":92}},"s":{"0":1,"1":2,"2":2,"3":1,"4":1,"5":1,"6":1,"7":3,"8":3,"9":3,"10":2,"11":1,"12":1,"13":1,"14":1,"15":1,"16":4,"17":4,"18":4,"19":1,"20":3,"21":3,"22":2,"23":1,"24":1,"25":1,"26":0,"27":1,"28":0,"29":1,"30":1,"31":1,"32":1,"33":1,"34":1,"35":3,"36":3,"37":3,"38":3,"39":3,"40":3,"41":3,"42":3,"43":2,"44":2,"45":1,"46":1,"47":1,"48":1,"49":1,"50":2,"51":2,"52":2,"53":2,"54":1,"55":1,"56":1},"f":{"0":2,"1":3,"2":4,"3":1,"4":3,"5":2},"b":{"0":[1,1],"1":[1,3],"2":[1,1],"3":[0,1],"4":[1,0],"5":[0,1],"6":[1,0],"7":[1,0],"8":[2],"9":[2],"10":[1,1]},"_coverageSchema":"1a1c01bbd47fc00a2c39e90264f33305004495a9","hash":"e82c0cab54fe1abf898b716416c7f8fcaeaa5ea5"}
,"/home/lucian/Software_dev/Projects/the-geek-shop/backend/controllers/order.user.controller.js": {"path":"/home/lucian/Software_dev/Projects/the-geek-shop/backend/controllers/order.user.controller.js","statementMap":{"0":{"start":{"line":10,"column":27},"end":{"line":62,"column":1}},"1":{"start":{"line":11,"column":2},"end":{"line":61,"column":3}},"2":{"start":{"line":12,"column":48},"end":{"line":12,"column":56}},"3":{"start":{"line":13,"column":19},"end":{"line":13,"column":31}},"4":{"start":{"line":16,"column":28},"end":{"line":16,"column":61}},"5":{"start":{"line":17,"column":4},"end":{"line":19,"column":5}},"6":{"start":{"line":18,"column":6},"end":{"line":18,"column":77}},"7":{"start":{"line":22,"column":4},"end":{"line":26,"column":5}},"8":{"start":{"line":23,"column":6},"end":{"line":25,"column":74}},"9":{"start":{"line":29,"column":23},"end":{"line":29,"column":60}},"10":{"start":{"line":29,"column":49},"end":{"line":29,"column":59}},"11":{"start":{"line":30,"column":29},"end":{"line":30,"column":77}},"12":{"start":{"line":32,"column":4},"end":{"line":36,"column":5}},"13":{"start":{"line":33,"column":6},"end":{"line":35,"column":61}},"14":{"start":{"line":39,"column":21},"end":{"line":45,"column":6}},"15":{"start":{"line":47,"column":23},"end":{"line":47,"column":44}},"16":{"start":{"line":50,"column":27},"end":{"line":53,"column":30}},"17":{"start":{"line":55,"column":4},"end":{"line":55,"column":41}},"18":{"start":{"line":57,"column":4},"end":{"line":57,"column":50}},"19":{"start":{"line":58,"column":4},"end":{"line":60,"column":71}},"20":{"start":{"line":69,"column":29},"end":{"line":85,"column":1}},"21":{"start":{"line":70,"column":2},"end":{"line":84,"column":3}},"22":{"start":{"line":71,"column":19},"end":{"line":71,"column":31}},"23":{"start":{"line":73,"column":19},"end":{"line":76,"column":30}},"24":{"start":{"line":78,"column":4},"end":{"line":78,"column":33}},"25":{"start":{"line":80,"column":4},"end":{"line":80,"column":56}},"26":{"start":{"line":81,"column":4},"end":{"line":83,"column":72}},"27":{"start":{"line":92,"column":27},"end":{"line":148,"column":1}},"28":{"start":{"line":93,"column":2},"end":{"line":147,"column":3}},"29":{"start":{"line":94,"column":20},"end":{"line":94,"column":33}},"30":{"start":{"line":95,"column":19},"end":{"line":95,"column":31}},"31":{"start":{"line":98,"column":18},"end":{"line":98,"column":47}},"32":{"start":{"line":100,"column":4},"end":{"line":102,"column":5}},"33":{"start":{"line":101,"column":6},"end":{"line":101,"column":66}},"34":{"start":{"line":105,"column":4},"end":{"line":109,"column":5}},"35":{"start":{"line":106,"column":6},"end":{"line":108,"column":66}},"36":{"start":{"line":112,"column":4},"end":{"line":114,"column":5}},"37":{"start":{"line":113,"column":6},"end":{"line":113,"column":77}},"38":{"start":{"line":117,"column":4},"end":{"line":132,"column":5}},"39":{"start":{"line":118,"column":21},"end":{"line":118,"column":36}},"40":{"start":{"line":119,"column":26},"end":{"line":119,"column":36}},"41":{"start":{"line":120,"column":30},"end":{"line":120,"column":71}},"42":{"start":{"line":122,"column":6},"end":{"line":127,"column":7}},"43":{"start":{"line":123,"column":8},"end":{"line":126,"column":11}},"44":{"start":{"line":128,"column":11},"end":{"line":132,"column":5}},"45":{"start":{"line":129,"column":6},"end":{"line":131,"column":9}},"46":{"start":{"line":135,"column":4},"end":{"line":135,"column":31}},"47":{"start":{"line":136,"column":4},"end":{"line":136,"column":23}},"48":{"start":{"line":138,"column":4},"end":{"line":141,"column":7}},"49":{"start":{"line":143,"column":4},"end":{"line":143,"column":52}},"50":{"start":{"line":144,"column":4},"end":{"line":146,"column":73}},"51":{"start":{"line":158,"column":34},"end":{"line":195,"column":1}},"52":{"start":{"line":159,"column":2},"end":{"line":194,"column":3}},"53":{"start":{"line":161,"column":21},"end":{"line":161,"column":56}},"54":{"start":{"line":162,"column":18},"end":{"line":162,"column":47}},"55":{"start":{"line":165,"column":4},"end":{"line":170,"column":5}},"56":{"start":{"line":166,"column":6},"end":{"line":169,"column":8}},"57":{"start":{"line":173,"column":4},"end":{"line":178,"column":5}},"58":{"start":{"line":174,"column":6},"end":{"line":177,"column":8}},"59":{"start":{"line":181,"column":4},"end":{"line":185,"column":6}},"60":{"start":{"line":187,"column":4},"end":{"line":190,"column":6}},"61":{"start":{"line":192,"column":4},"end":{"line":192,"column":60}},"62":{"start":{"line":193,"column":4},"end":{"line":193,"column":54}}},"fnMap":{"0":{"name":"(anonymous_0)","decl":{"start":{"line":10,"column":27},"end":{"line":10,"column":28}},"loc":{"start":{"line":10,"column":47},"end":{"line":62,"column":1}},"line":10},"1":{"name":"(anonymous_1)","decl":{"start":{"line":29,"column":36},"end":{"line":29,"column":37}},"loc":{"start":{"line":29,"column":49},"end":{"line":29,"column":59}},"line":29},"2":{"name":"(anonymous_2)","decl":{"start":{"line":69,"column":29},"end":{"line":69,"column":30}},"loc":{"start":{"line":69,"column":49},"end":{"line":85,"column":1}},"line":69},"3":{"name":"(anonymous_3)","decl":{"start":{"line":92,"column":27},"end":{"line":92,"column":28}},"loc":{"start":{"line":92,"column":47},"end":{"line":148,"column":1}},"line":92},"4":{"name":"(anonymous_4)","decl":{"start":{"line":158,"column":34},"end":{"line":158,"column":35}},"loc":{"start":{"line":158,"column":65},"end":{"line":195,"column":1}},"line":158}},"branchMap":{"0":{"loc":{"start":{"line":17,"column":4},"end":{"line":19,"column":5}},"type":"if","locations":[{"start":{"line":17,"column":4},"end":{"line":19,"column":5}},{"start":{},"end":{}}],"line":17},"1":{"loc":{"start":{"line":22,"column":4},"end":{"line":26,"column":5}},"type":"if","locations":[{"start":{"line":22,"column":4},"end":{"line":26,"column":5}},{"start":{},"end":{}}],"line":22},"2":{"loc":{"start":{"line":32,"column":4},"end":{"line":36,"column":5}},"type":"if","locations":[{"start":{"line":32,"column":4},"end":{"line":36,"column":5}},{"start":{},"end":{}}],"line":32},"3":{"loc":{"start":{"line":100,"column":4},"end":{"line":102,"column":5}},"type":"if","locations":[{"start":{"line":100,"column":4},"end":{"line":102,"column":5}},{"start":{},"end":{}}],"line":100},"4":{"loc":{"start":{"line":105,"column":4},"end":{"line":109,"column":5}},"type":"if","locations":[{"start":{"line":105,"column":4},"end":{"line":109,"column":5}},{"start":{},"end":{}}],"line":105},"5":{"loc":{"start":{"line":112,"column":4},"end":{"line":114,"column":5}},"type":"if","locations":[{"start":{"line":112,"column":4},"end":{"line":114,"column":5}},{"start":{},"end":{}}],"line":112},"6":{"loc":{"start":{"line":117,"column":4},"end":{"line":132,"column":5}},"type":"if","locations":[{"start":{"line":117,"column":4},"end":{"line":132,"column":5}},{"start":{"line":128,"column":11},"end":{"line":132,"column":5}}],"line":117},"7":{"loc":{"start":{"line":122,"column":6},"end":{"line":127,"column":7}},"type":"if","locations":[{"start":{"line":122,"column":6},"end":{"line":127,"column":7}},{"start":{},"end":{}}],"line":122},"8":{"loc":{"start":{"line":128,"column":11},"end":{"line":132,"column":5}},"type":"if","locations":[{"start":{"line":128,"column":11},"end":{"line":132,"column":5}},{"start":{},"end":{}}],"line":128},"9":{"loc":{"start":{"line":165,"column":4},"end":{"line":170,"column":5}},"type":"if","locations":[{"start":{"line":165,"column":4},"end":{"line":170,"column":5}},{"start":{},"end":{}}],"line":165},"10":{"loc":{"start":{"line":165,"column":8},"end":{"line":165,"column":27}},"type":"binary-expr","locations":[{"start":{"line":165,"column":8},"end":{"line":165,"column":17}},{"start":{"line":165,"column":21},"end":{"line":165,"column":27}}],"line":165},"11":{"loc":{"start":{"line":168,"column":17},"end":{"line":168,"column":77}},"type":"cond-expr","locations":[{"start":{"line":168,"column":29},"end":{"line":168,"column":57}},{"start":{"line":168,"column":60},"end":{"line":168,"column":77}}],"line":168},"12":{"loc":{"start":{"line":173,"column":4},"end":{"line":178,"column":5}},"type":"if","locations":[{"start":{"line":173,"column":4},"end":{"line":178,"column":5}},{"start":{},"end":{}}],"line":173}},"s":{"0":1,"1":5,"2":5,"3":5,"4":5,"5":4,"6":1,"7":3,"8":1,"9":2,"10":3,"11":2,"12":2,"13":1,"14":1,"15":1,"16":1,"17":1,"18":1,"19":1,"20":1,"21":2,"22":2,"23":2,"24":1,"25":1,"26":1,"27":1,"28":7,"29":7,"30":7,"31":7,"32":6,"33":1,"34":5,"35":1,"36":4,"37":1,"38":3,"39":1,"40":1,"41":1,"42":1,"43":1,"44":2,"45":1,"46":1,"47":1,"48":1,"49":1,"50":1,"51":1,"52":0,"53":0,"54":0,"55":0,"56":0,"57":0,"58":0,"59":0,"60":0,"61":0,"62":0},"f":{"0":5,"1":3,"2":2,"3":7,"4":0},"b":{"0":[1,3],"1":[1,2],"2":[1,1],"3":[1,5],"4":[1,4],"5":[1,3],"6":[1,2],"7":[1,0],"8":[1,1],"9":[0,0],"10":[0,0],"11":[0,0],"12":[0,0]},"_coverageSchema":"1a1c01bbd47fc00a2c39e90264f33305004495a9","hash":"66f0a695002293a61c2130c0d7e0b1309ade5252"}
,"/home/lucian/Software_dev/Projects/the-geek-shop/backend/controllers/shipping.controller.js": {"path":"/home/lucian/Software_dev/Projects/the-geek-shop/backend/controllers/shipping.controller.js","statementMap":{"0":{"start":{"line":9,"column":30},"end":{"line":34,"column":1}},"1":{"start":{"line":10,"column":2},"end":{"line":33,"column":3}},"2":{"start":{"line":11,"column":63},"end":{"line":11,"column":71}},"3":{"start":{"line":12,"column":19},"end":{"line":12,"column":31}},"4":{"start":{"line":15,"column":24},"end":{"line":23,"column":6}},"5":{"start":{"line":25,"column":26},"end":{"line":25,"column":50}},"6":{"start":{"line":26,"column":4},"end":{"line":26,"column":40}},"7":{"start":{"line":28,"column":4},"end":{"line":28,"column":61}},"8":{"start":{"line":29,"column":4},"end":{"line":32,"column":7}},"9":{"start":{"line":41,"column":40},"end":{"line":57,"column":1}},"10":{"start":{"line":42,"column":2},"end":{"line":56,"column":3}},"11":{"start":{"line":43,"column":19},"end":{"line":43,"column":31}},"12":{"start":{"line":45,"column":30},"end":{"line":47,"column":6}},"13":{"start":{"line":49,"column":4},"end":{"line":49,"column":44}},"14":{"start":{"line":51,"column":4},"end":{"line":51,"column":63}},"15":{"start":{"line":52,"column":4},"end":{"line":55,"column":7}},"16":{"start":{"line":64,"column":31},"end":{"line":94,"column":1}},"17":{"start":{"line":65,"column":2},"end":{"line":93,"column":3}},"18":{"start":{"line":66,"column":23},"end":{"line":66,"column":36}},"19":{"start":{"line":67,"column":19},"end":{"line":67,"column":31}},"20":{"start":{"line":69,"column":4},"end":{"line":71,"column":5}},"21":{"start":{"line":70,"column":6},"end":{"line":70,"column":77}},"22":{"start":{"line":73,"column":21},"end":{"line":73,"column":75}},"23":{"start":{"line":75,"column":4},"end":{"line":77,"column":5}},"24":{"start":{"line":76,"column":6},"end":{"line":76,"column":77}},"25":{"start":{"line":80,"column":4},"end":{"line":84,"column":5}},"26":{"start":{"line":81,"column":6},"end":{"line":83,"column":77}},"27":{"start":{"line":86,"column":4},"end":{"line":86,"column":35}},"28":{"start":{"line":88,"column":4},"end":{"line":88,"column":61}},"29":{"start":{"line":89,"column":4},"end":{"line":92,"column":7}},"30":{"start":{"line":101,"column":30},"end":{"line":143,"column":1}},"31":{"start":{"line":102,"column":2},"end":{"line":142,"column":3}},"32":{"start":{"line":103,"column":23},"end":{"line":103,"column":36}},"33":{"start":{"line":104,"column":19},"end":{"line":104,"column":31}},"34":{"start":{"line":105,"column":20},"end":{"line":105,"column":28}},"35":{"start":{"line":107,"column":4},"end":{"line":109,"column":5}},"36":{"start":{"line":108,"column":6},"end":{"line":108,"column":77}},"37":{"start":{"line":112,"column":21},"end":{"line":112,"column":56}},"38":{"start":{"line":114,"column":4},"end":{"line":116,"column":5}},"39":{"start":{"line":115,"column":6},"end":{"line":115,"column":77}},"40":{"start":{"line":119,"column":4},"end":{"line":123,"column":5}},"41":{"start":{"line":120,"column":6},"end":{"line":122,"column":77}},"42":{"start":{"line":126,"column":4},"end":{"line":126,"column":24}},"43":{"start":{"line":127,"column":4},"end":{"line":127,"column":26}},"44":{"start":{"line":129,"column":28},"end":{"line":133,"column":5}},"45":{"start":{"line":135,"column":4},"end":{"line":135,"column":42}},"46":{"start":{"line":137,"column":4},"end":{"line":137,"column":61}},"47":{"start":{"line":138,"column":4},"end":{"line":141,"column":7}},"48":{"start":{"line":150,"column":30},"end":{"line":201,"column":1}},"49":{"start":{"line":151,"column":2},"end":{"line":200,"column":3}},"50":{"start":{"line":152,"column":23},"end":{"line":152,"column":36}},"51":{"start":{"line":153,"column":19},"end":{"line":153,"column":31}},"52":{"start":{"line":155,"column":4},"end":{"line":157,"column":5}},"53":{"start":{"line":156,"column":6},"end":{"line":156,"column":77}},"54":{"start":{"line":160,"column":21},"end":{"line":160,"column":56}},"55":{"start":{"line":162,"column":4},"end":{"line":164,"column":5}},"56":{"start":{"line":163,"column":6},"end":{"line":163,"column":77}},"57":{"start":{"line":167,"column":4},"end":{"line":171,"column":5}},"58":{"start":{"line":168,"column":6},"end":{"line":170,"column":77}},"59":{"start":{"line":174,"column":4},"end":{"line":189,"column":5}},"60":{"start":{"line":176,"column":21},"end":{"line":179,"column":8}},"61":{"start":{"line":182,"column":6},"end":{"line":188,"column":7}},"62":{"start":{"line":183,"column":8},"end":{"line":187,"column":11}},"63":{"start":{"line":191,"column":4},"end":{"line":191,"column":49}},"64":{"start":{"line":193,"column":4},"end":{"line":193,"column":79}},"65":{"start":{"line":195,"column":4},"end":{"line":195,"column":61}},"66":{"start":{"line":196,"column":4},"end":{"line":199,"column":7}}},"fnMap":{"0":{"name":"(anonymous_0)","decl":{"start":{"line":9,"column":30},"end":{"line":9,"column":31}},"loc":{"start":{"line":9,"column":50},"end":{"line":34,"column":1}},"line":9},"1":{"name":"(anonymous_1)","decl":{"start":{"line":41,"column":40},"end":{"line":41,"column":41}},"loc":{"start":{"line":41,"column":60},"end":{"line":57,"column":1}},"line":41},"2":{"name":"(anonymous_2)","decl":{"start":{"line":64,"column":31},"end":{"line":64,"column":32}},"loc":{"start":{"line":64,"column":51},"end":{"line":94,"column":1}},"line":64},"3":{"name":"(anonymous_3)","decl":{"start":{"line":101,"column":30},"end":{"line":101,"column":31}},"loc":{"start":{"line":101,"column":50},"end":{"line":143,"column":1}},"line":101},"4":{"name":"(anonymous_4)","decl":{"start":{"line":150,"column":30},"end":{"line":150,"column":31}},"loc":{"start":{"line":150,"column":50},"end":{"line":201,"column":1}},"line":150}},"branchMap":{"0":{"loc":{"start":{"line":22,"column":19},"end":{"line":22,"column":36}},"type":"binary-expr","locations":[{"start":{"line":22,"column":19},"end":{"line":22,"column":30}},{"start":{"line":22,"column":34},"end":{"line":22,"column":36}}],"line":22},"1":{"loc":{"start":{"line":69,"column":4},"end":{"line":71,"column":5}},"type":"if","locations":[{"start":{"line":69,"column":4},"end":{"line":71,"column":5}},{"start":{},"end":{}}],"line":69},"2":{"loc":{"start":{"line":75,"column":4},"end":{"line":77,"column":5}},"type":"if","locations":[{"start":{"line":75,"column":4},"end":{"line":77,"column":5}},{"start":{},"end":{}}],"line":75},"3":{"loc":{"start":{"line":80,"column":4},"end":{"line":84,"column":5}},"type":"if","locations":[{"start":{"line":80,"column":4},"end":{"line":84,"column":5}},{"start":{},"end":{}}],"line":80},"4":{"loc":{"start":{"line":107,"column":4},"end":{"line":109,"column":5}},"type":"if","locations":[{"start":{"line":107,"column":4},"end":{"line":109,"column":5}},{"start":{},"end":{}}],"line":107},"5":{"loc":{"start":{"line":114,"column":4},"end":{"line":116,"column":5}},"type":"if","locations":[{"start":{"line":114,"column":4},"end":{"line":116,"column":5}},{"start":{},"end":{}}],"line":114},"6":{"loc":{"start":{"line":119,"column":4},"end":{"line":123,"column":5}},"type":"if","locations":[{"start":{"line":119,"column":4},"end":{"line":123,"column":5}},{"start":{},"end":{}}],"line":119},"7":{"loc":{"start":{"line":155,"column":4},"end":{"line":157,"column":5}},"type":"if","locations":[{"start":{"line":155,"column":4},"end":{"line":157,"column":5}},{"start":{},"end":{}}],"line":155},"8":{"loc":{"start":{"line":162,"column":4},"end":{"line":164,"column":5}},"type":"if","locations":[{"start":{"line":162,"column":4},"end":{"line":164,"column":5}},{"start":{},"end":{}}],"line":162},"9":{"loc":{"start":{"line":167,"column":4},"end":{"line":171,"column":5}},"type":"if","locations":[{"start":{"line":167,"column":4},"end":{"line":171,"column":5}},{"start":{},"end":{}}],"line":167},"10":{"loc":{"start":{"line":174,"column":4},"end":{"line":189,"column":5}},"type":"if","locations":[{"start":{"line":174,"column":4},"end":{"line":189,"column":5}},{"start":{},"end":{}}],"line":174},"11":{"loc":{"start":{"line":174,"column":8},"end":{"line":174,"column":53}},"type":"binary-expr","locations":[{"start":{"line":174,"column":8},"end":{"line":174,"column":23}},{"start":{"line":174,"column":27},"end":{"line":174,"column":53}}],"line":174},"12":{"loc":{"start":{"line":182,"column":6},"end":{"line":188,"column":7}},"type":"if","locations":[{"start":{"line":182,"column":6},"end":{"line":188,"column":7}},{"start":{},"end":{}}],"line":182}},"s":{"0":1,"1":3,"2":3,"3":3,"4":3,"5":3,"6":3,"7":0,"8":0,"9":1,"10":0,"11":0,"12":0,"13":0,"14":0,"15":0,"16":1,"17":0,"18":0,"19":0,"20":0,"21":0,"22":0,"23":0,"24":0,"25":0,"26":0,"27":0,"28":0,"29":0,"30":1,"31":0,"32":0,"33":0,"34":0,"35":0,"36":0,"37":0,"38":0,"39":0,"40":0,"41":0,"42":0,"43":0,"44":0,"45":0,"46":0,"47":0,"48":1,"49":0,"50":0,"51":0,"52":0,"53":0,"54":0,"55":0,"56":0,"57":0,"58":0,"59":0,"60":0,"61":0,"62":0,"63":0,"64":0,"65":0,"66":0},"f":{"0":3,"1":0,"2":0,"3":0,"4":0},"b":{"0":[3,2],"1":[0,0],"2":[0,0],"3":[0,0],"4":[0,0],"5":[0,0],"6":[0,0],"7":[0,0],"8":[0,0],"9":[0,0],"10":[0,0],"11":[0,0],"12":[0,0]},"_coverageSchema":"1a1c01bbd47fc00a2c39e90264f33305004495a9","hash":"fd387133554a6c2b2fce0d570baaf686e1d8105d"}
,"/home/lucian/Software_dev/Projects/the-geek-shop/backend/helpers/auth.helpers.js": {"path":"/home/lucian/Software_dev/Projects/the-geek-shop/backend/helpers/auth.helpers.js","statementMap":{"0":{"start":{"line":4,"column":28},"end":{"line":4,"column":32}},"1":{"start":{"line":5,"column":29},"end":{"line":5,"column":34}},"2":{"start":{"line":8,"column":35},"end":{"line":14,"column":1}},"3":{"start":{"line":9,"column":2},"end":{"line":13,"column":4}},"4":{"start":{"line":17,"column":36},"end":{"line":23,"column":1}},"5":{"start":{"line":18,"column":2},"end":{"line":22,"column":4}},"6":{"start":{"line":26,"column":30},"end":{"line":31,"column":1}},"7":{"start":{"line":27,"column":22},"end":{"line":27,"column":47}},"8":{"start":{"line":28,"column":23},"end":{"line":28,"column":49}},"9":{"start":{"line":30,"column":2},"end":{"line":30,"column":39}}},"fnMap":{"0":{"name":"(anonymous_0)","decl":{"start":{"line":8,"column":35},"end":{"line":8,"column":36}},"loc":{"start":{"line":8,"column":45},"end":{"line":14,"column":1}},"line":8},"1":{"name":"(anonymous_1)","decl":{"start":{"line":17,"column":36},"end":{"line":17,"column":37}},"loc":{"start":{"line":17,"column":46},"end":{"line":23,"column":1}},"line":17},"2":{"name":"(anonymous_2)","decl":{"start":{"line":26,"column":30},"end":{"line":26,"column":31}},"loc":{"start":{"line":26,"column":40},"end":{"line":31,"column":1}},"line":26}},"branchMap":{},"s":{"0":1,"1":1,"2":1,"3":0,"4":1,"5":0,"6":1,"7":0,"8":0,"9":0},"f":{"0":0,"1":0,"2":0},"b":{},"_coverageSchema":"1a1c01bbd47fc00a2c39e90264f33305004495a9","hash":"411a74f4f311190be727afba76f1d736e31215ce"}
,"/home/lucian/Software_dev/Projects/the-geek-shop/backend/middleware/auth.js": {"path":"/home/lucian/Software_dev/Projects/the-geek-shop/backend/middleware/auth.js","statementMap":{"0":{"start":{"line":3,"column":28},"end":{"line":24,"column":1}},"1":{"start":{"line":4,"column":21},"end":{"line":4,"column":46}},"2":{"start":{"line":6,"column":2},"end":{"line":11,"column":3}},"3":{"start":{"line":7,"column":4},"end":{"line":9,"column":77}},"4":{"start":{"line":10,"column":4},"end":{"line":10,"column":11}},"5":{"start":{"line":13,"column":16},"end":{"line":13,"column":40}},"6":{"start":{"line":14,"column":2},"end":{"line":23,"column":3}},"7":{"start":{"line":15,"column":20},"end":{"line":15,"column":68}},"8":{"start":{"line":17,"column":4},"end":{"line":17,"column":23}},"9":{"start":{"line":18,"column":4},"end":{"line":18,"column":11}},"10":{"start":{"line":20,"column":4},"end":{"line":22,"column":73}},"11":{"start":{"line":26,"column":32},"end":{"line":40,"column":1}},"12":{"start":{"line":27,"column":2},"end":{"line":32,"column":3}},"13":{"start":{"line":28,"column":4},"end":{"line":31,"column":7}},"14":{"start":{"line":33,"column":2},"end":{"line":38,"column":3}},"15":{"start":{"line":34,"column":4},"end":{"line":37,"column":7}},"16":{"start":{"line":39,"column":2},"end":{"line":39,"column":9}},"17":{"start":{"line":42,"column":27},"end":{"line":56,"column":1}},"18":{"start":{"line":43,"column":2},"end":{"line":48,"column":3}},"19":{"start":{"line":44,"column":4},"end":{"line":47,"column":7}},"20":{"start":{"line":49,"column":2},"end":{"line":54,"column":3}},"21":{"start":{"line":50,"column":4},"end":{"line":53,"column":7}},"22":{"start":{"line":55,"column":2},"end":{"line":55,"column":9}}},"fnMap":{"0":{"name":"(anonymous_0)","decl":{"start":{"line":3,"column":28},"end":{"line":3,"column":29}},"loc":{"start":{"line":3,"column":48},"end":{"line":24,"column":1}},"line":3},"1":{"name":"(anonymous_1)","decl":{"start":{"line":26,"column":32},"end":{"line":26,"column":33}},"loc":{"start":{"line":26,"column":52},"end":{"line":40,"column":1}},"line":26},"2":{"name":"(anonymous_2)","decl":{"start":{"line":42,"column":27},"end":{"line":42,"column":28}},"loc":{"start":{"line":42,"column":47},"end":{"line":56,"column":1}},"line":42}},"branchMap":{"0":{"loc":{"start":{"line":6,"column":2},"end":{"line":11,"column":3}},"type":"if","locations":[{"start":{"line":6,"column":2},"end":{"line":11,"column":3}},{"start":{},"end":{}}],"line":6},"1":{"loc":{"start":{"line":6,"column":6},"end":{"line":6,"column":54}},"type":"binary-expr","locations":[{"start":{"line":6,"column":6},"end":{"line":6,"column":17}},{"start":{"line":6,"column":21},"end":{"line":6,"column":54}}],"line":6},"2":{"loc":{"start":{"line":27,"column":2},"end":{"line":32,"column":3}},"type":"if","locations":[{"start":{"line":27,"column":2},"end":{"line":32,"column":3}},{"start":{},"end":{}}],"line":27},"3":{"loc":{"start":{"line":33,"column":2},"end":{"line":38,"column":3}},"type":"if","locations":[{"start":{"line":33,"column":2},"end":{"line":38,"column":3}},{"start":{},"end":{}}],"line":33},"4":{"loc":{"start":{"line":43,"column":2},"end":{"line":48,"column":3}},"type":"if","locations":[{"start":{"line":43,"column":2},"end":{"line":48,"column":3}},{"start":{},"end":{}}],"line":43},"5":{"loc":{"start":{"line":49,"column":2},"end":{"line":54,"column":3}},"type":"if","locations":[{"start":{"line":49,"column":2},"end":{"line":54,"column":3}},{"start":{},"end":{}}],"line":49},"6":{"loc":{"start":{"line":49,"column":6},"end":{"line":49,"column":66}},"type":"binary-expr","locations":[{"start":{"line":49,"column":6},"end":{"line":49,"column":31}},{"start":{"line":49,"column":35},"end":{"line":49,"column":66}}],"line":49}},"s":{"0":1,"1":4,"2":4,"3":2,"4":2,"5":2,"6":2,"7":2,"8":1,"9":1,"10":1,"11":1,"12":3,"13":1,"14":2,"15":1,"16":1,"17":1,"18":4,"19":1,"20":3,"21":1,"22":2},"f":{"0":4,"1":3,"2":4},"b":{"0":[2,2],"1":[4,3],"2":[1,2],"3":[1,1],"4":[1,3],"5":[1,2],"6":[3,2]},"_coverageSchema":"1a1c01bbd47fc00a2c39e90264f33305004495a9","hash":"345ef339c8967a8330ce83025c9741f9913d7472"}
,"/home/lucian/Software_dev/Projects/the-geek-shop/backend/module/category.model.js": {"path":"/home/lucian/Software_dev/Projects/the-geek-shop/backend/module/category.model.js","statementMap":{"0":{"start":{"line":3,"column":23},"end":{"line":19,"column":1}},"1":{"start":{"line":21,"column":17},"end":{"line":21,"column":59}}},"fnMap":{},"branchMap":{},"s":{"0":1,"1":1},"f":{},"b":{},"_coverageSchema":"1a1c01bbd47fc00a2c39e90264f33305004495a9","hash":"0b129273e46c1b417ffb14c9ebf66df6ac82c41f"}
,"/home/lucian/Software_dev/Projects/the-geek-shop/backend/module/order.model.js": {"path":"/home/lucian/Software_dev/Projects/the-geek-shop/backend/module/order.model.js","statementMap":{"0":{"start":{"line":3,"column":20},"end":{"line":48,"column":1}},"1":{"start":{"line":50,"column":14},"end":{"line":50,"column":50}}},"fnMap":{},"branchMap":{},"s":{"0":2,"1":2},"f":{},"b":{},"_coverageSchema":"1a1c01bbd47fc00a2c39e90264f33305004495a9","hash":"5a99a140bbb73c473370a98b0da72f78ef8ff113"}
,"/home/lucian/Software_dev/Projects/the-geek-shop/backend/module/product.model.js": {"path":"/home/lucian/Software_dev/Projects/the-geek-shop/backend/module/product.model.js","statementMap":{"0":{"start":{"line":3,"column":22},"end":{"line":43,"column":1}},"1":{"start":{"line":45,"column":0},"end":{"line":79,"column":3}},"2":{"start":{"line":46,"column":2},"end":{"line":78,"column":3}},"3":{"start":{"line":48,"column":20},"end":{"line":48,"column":24}},"4":{"start":{"line":49,"column":19},"end":{"line":49,"column":22}},"5":{"start":{"line":50,"column":22},"end":{"line":50,"column":69}},"6":{"start":{"line":51,"column":21},"end":{"line":51,"column":68}},"7":{"start":{"line":52,"column":22},"end":{"line":52,"column":74}},"8":{"start":{"line":53,"column":4},"end":{"line":53,"column":62}},"9":{"start":{"line":56,"column":4},"end":{"line":73,"column":5}},"10":{"start":{"line":57,"column":6},"end":{"line":59,"column":8}},"11":{"start":{"line":57,"column":59},"end":{"line":57,"column":71}},"12":{"start":{"line":58,"column":15},"end":{"line":58,"column":41}},"13":{"start":{"line":61,"column":25},"end":{"line":63,"column":8}},"14":{"start":{"line":65,"column":6},"end":{"line":72,"column":7}},"15":{"start":{"line":66,"column":25},"end":{"line":66,"column":64}},"16":{"start":{"line":66,"column":47},"end":{"line":66,"column":63}},"17":{"start":{"line":67,"column":27},"end":{"line":69,"column":49}},"18":{"start":{"line":68,"column":22},"end":{"line":68,"column":34}},"19":{"start":{"line":69,"column":26},"end":{"line":69,"column":48}},"20":{"start":{"line":71,"column":8},"end":{"line":71,"column":74}},"21":{"start":{"line":75,"column":4},"end":{"line":75,"column":11}},"22":{"start":{"line":77,"column":4},"end":{"line":77,"column":16}},"23":{"start":{"line":82,"column":0},"end":{"line":82,"column":59}},"24":{"start":{"line":84,"column":16},"end":{"line":84,"column":56}}},"fnMap":{"0":{"name":"(anonymous_0)","decl":{"start":{"line":45,"column":26},"end":{"line":45,"column":27}},"loc":{"start":{"line":45,"column":48},"end":{"line":79,"column":1}},"line":45},"1":{"name":"(anonymous_1)","decl":{"start":{"line":57,"column":52},"end":{"line":57,"column":53}},"loc":{"start":{"line":57,"column":59},"end":{"line":57,"column":71}},"line":57},"2":{"name":"(anonymous_2)","decl":{"start":{"line":58,"column":8},"end":{"line":58,"column":9}},"loc":{"start":{"line":58,"column":15},"end":{"line":58,"column":41}},"line":58},"3":{"name":"(anonymous_3)","decl":{"start":{"line":66,"column":40},"end":{"line":66,"column":41}},"loc":{"start":{"line":66,"column":47},"end":{"line":66,"column":63}},"line":66},"4":{"name":"(anonymous_4)","decl":{"start":{"line":68,"column":15},"end":{"line":68,"column":16}},"loc":{"start":{"line":68,"column":22},"end":{"line":68,"column":34}},"line":68},"5":{"name":"(anonymous_5)","decl":{"start":{"line":69,"column":18},"end":{"line":69,"column":19}},"loc":{"start":{"line":69,"column":26},"end":{"line":69,"column":48}},"line":69}},"branchMap":{"0":{"loc":{"start":{"line":51,"column":21},"end":{"line":51,"column":68}},"type":"cond-expr","locations":[{"start":{"line":51,"column":44},"end":{"line":51,"column":64}},{"start":{"line":51,"column":67},"end":{"line":51,"column":68}}],"line":51},"1":{"loc":{"start":{"line":56,"column":4},"end":{"line":73,"column":5}},"type":"if","locations":[{"start":{"line":56,"column":4},"end":{"line":73,"column":5}},{"start":{},"end":{}}],"line":56},"2":{"loc":{"start":{"line":56,"column":8},"end":{"line":56,"column":49}},"type":"binary-expr","locations":[{"start":{"line":56,"column":8},"end":{"line":56,"column":21}},{"start":{"line":56,"column":25},"end":{"line":56,"column":49}}],"line":56},"3":{"loc":{"start":{"line":65,"column":6},"end":{"line":72,"column":7}},"type":"if","locations":[{"start":{"line":65,"column":6},"end":{"line":72,"column":7}},{"start":{},"end":{}}],"line":65}},"s":{"0":1,"1":1,"2":0,"3":0,"4":0,"5":0,"6":0,"7":0,"8":0,"9":0,"10":0,"11":0,"12":0,"13":0,"14":0,"15":0,"16":0,"17":0,"18":0,"19":0,"20":0,"21":0,"22":0,"23":1,"24":1},"f":{"0":0,"1":0,"2":0,"3":0,"4":0,"5":0},"b":{"0":[0,0],"1":[0,0],"2":[0,0],"3":[0,0]},"_coverageSchema":"1a1c01bbd47fc00a2c39e90264f33305004495a9","hash":"05192b8f013bb4ce03ad599de258a11706921e42"}
,"/home/lucian/Software_dev/Projects/the-geek-shop/backend/module/refreshToken.model.js": {"path":"/home/lucian/Software_dev/Projects/the-geek-shop/backend/module/refreshToken.model.js","statementMap":{"0":{"start":{"line":3,"column":27},"end":{"line":22,"column":2}},"1":{"start":{"line":25,"column":0},"end":{"line":25,"column":70}},"2":{"start":{"line":28,"column":2},"end":{"line":28,"column":52}}},"fnMap":{},"branchMap":{},"s":{"0":1,"1":1,"2":1},"f":{},"b":{},"_coverageSchema":"1a1c01bbd47fc00a2c39e90264f33305004495a9","hash":"7dac9406f0f1008a5af8a7b78dad6c4a21003bc8"}
,"/home/lucian/Software_dev/Projects/the-geek-shop/backend/module/shipping.model.js": {"path":"/home/lucian/Software_dev/Projects/the-geek-shop/backend/module/shipping.model.js","statementMap":{"0":{"start":{"line":3,"column":23},"end":{"line":47,"column":1}},"1":{"start":{"line":49,"column":17},"end":{"line":49,"column":59}}},"fnMap":{},"branchMap":{},"s":{"0":1,"1":1},"f":{},"b":{},"_coverageSchema":"1a1c01bbd47fc00a2c39e90264f33305004495a9","hash":"e9b0fca280edfb9b53c483a8e8a9f0ce8d1726d7"}
,"/home/lucian/Software_dev/Projects/the-geek-shop/backend/module/user.model.js": {"path":"/home/lucian/Software_dev/Projects/the-geek-shop/backend/module/user.model.js","statementMap":{"0":{"start":{"line":4,"column":19},"end":{"line":44,"column":1}},"1":{"start":{"line":50,"column":0},"end":{"line":60,"column":3}},"2":{"start":{"line":51,"column":2},"end":{"line":59,"column":3}},"3":{"start":{"line":54,"column":4},"end":{"line":54,"column":52}},"4":{"start":{"line":54,"column":38},"end":{"line":54,"column":52}},"5":{"start":{"line":56,"column":4},"end":{"line":56,"column":57}},"6":{"start":{"line":58,"column":4},"end":{"line":58,"column":16}},"7":{"start":{"line":63,"column":0},"end":{"line":65,"column":2}},"8":{"start":{"line":64,"column":2},"end":{"line":64,"column":62}},"9":{"start":{"line":67,"column":13},"end":{"line":67,"column":47}}},"fnMap":{"0":{"name":"(anonymous_0)","decl":{"start":{"line":50,"column":23},"end":{"line":50,"column":24}},"loc":{"start":{"line":50,"column":45},"end":{"line":60,"column":1}},"line":50},"1":{"name":"(anonymous_1)","decl":{"start":{"line":63,"column":37},"end":{"line":63,"column":38}},"loc":{"start":{"line":63,"column":70},"end":{"line":65,"column":1}},"line":63}},"branchMap":{"0":{"loc":{"start":{"line":54,"column":4},"end":{"line":54,"column":52}},"type":"if","locations":[{"start":{"line":54,"column":4},"end":{"line":54,"column":52}},{"start":{},"end":{}}],"line":54}},"s":{"0":1,"1":1,"2":0,"3":0,"4":0,"5":0,"6":0,"7":1,"8":0,"9":1},"f":{"0":0,"1":0},"b":{"0":[0,0]},"_coverageSchema":"1a1c01bbd47fc00a2c39e90264f33305004495a9","hash":"9147d0b9e9fb88347e24883c0692683f03670546"}
}
