TN:
SF:backend/app.js
FNF:0
FNH:0
DA:7,6
DA:9,6
DA:11,6
DA:12,6
DA:13,6
LF:5
LH:5
BRF:0
BRH:0
end_of_record
TN:
SF:backend/controllers/admin.login.controller.js
FN:6,(anonymous_0)
FN:44,(anonymous_1)
FN:79,(anonymous_2)
FNF:3
FNH:3
FNDA:5,(anonymous_0)
FNDA:2,(anonymous_1)
FNDA:5,(anonymous_2)
DA:6,6
DA:7,5
DA:9,5
DA:11,5
DA:12,4
DA:13,2
DA:17,2
DA:18,2
DA:19,1
DA:25,1
DA:32,1
DA:38,1
DA:39,1
DA:44,6
DA:45,2
DA:46,2
DA:49,2
DA:50,1
DA:57,1
DA:58,1
DA:59,1
DA:66,0
DA:67,0
DA:68,0
DA:74,0
DA:75,0
DA:79,6
DA:80,5
DA:81,5
DA:83,5
DA:86,5
DA:87,1
DA:93,4
DA:94,3
DA:95,1
DA:101,2
DA:102,2
DA:103,1
DA:110,1
DA:111,1
DA:113,1
DA:118,1
DA:119,1
LF:43
LH:38
BRDA:12,0,0,2
BRDA:12,0,1,2
BRDA:12,1,0,4
BRDA:12,1,1,3
BRDA:12,1,2,1
BRDA:18,2,0,1
BRDA:18,2,1,1
BRDA:49,3,0,1
BRDA:49,3,1,1
BRDA:49,4,0,2
BRDA:49,4,1,1
BRDA:49,4,2,1
BRDA:58,5,0,1
BRDA:58,5,1,0
BRDA:86,6,0,1
BRDA:86,6,1,4
BRDA:86,7,0,5
BRDA:86,7,1,4
BRDA:94,8,0,1
BRDA:94,8,1,2
BRDA:102,9,0,1
BRDA:102,9,1,1
BRF:22
BRH:21
end_of_record
TN:
SF:backend/controllers/admin.orders.controller.js
FN:5,(anonymous_0)
FN:15,(anonymous_1)
FN:31,(anonymous_2)
FN:49,(anonymous_3)
FNF:4
FNH:2
FNDA:2,(anonymous_0)
FNDA:3,(anonymous_1)
FNDA:0,(anonymous_2)
FNDA:0,(anonymous_3)
DA:5,6
DA:6,2
DA:7,2
DA:8,1
DA:10,1
DA:11,1
DA:15,6
DA:16,3
DA:17,3
DA:18,3
DA:19,2
DA:20,1
DA:24,1
DA:26,1
DA:27,1
DA:31,6
DA:32,0
DA:33,0
DA:35,0
DA:36,0
DA:38,0
DA:39,0
DA:42,0
DA:44,0
DA:45,0
DA:49,6
DA:50,0
DA:51,0
DA:53,0
DA:55,0
DA:58,0
DA:59,0
DA:60,0
DA:62,0
DA:64,0
DA:66,0
DA:67,0
DA:73,0
DA:84,0
DA:85,0
LF:40
LH:17
BRDA:19,0,0,1
BRDA:19,0,1,1
BRDA:35,1,0,0
BRDA:35,1,1,0
BRDA:51,2,0,0
BRDA:51,3,0,0
BRDA:66,4,0,0
BRDA:66,4,1,0
BRF:8
BRH:2
end_of_record
TN:
SF:backend/controllers/admin.products.controller.js
FN:6,(anonymous_0)
FN:10,(anonymous_1)
FN:68,(anonymous_2)
FN:86,(anonymous_3)
FNF:4
FNH:3
FNDA:0,(anonymous_0)
FNDA:2,(anonymous_1)
FNDA:3,(anonymous_2)
FNDA:4,(anonymous_3)
DA:6,6
DA:7,0
DA:10,6
DA:11,2
DA:23,2
DA:25,2
DA:32,1
DA:37,1
DA:38,1
DA:39,1
DA:40,1
DA:46,0
DA:59,0
DA:61,0
DA:63,0
DA:64,0
DA:68,6
DA:69,3
DA:71,3
DA:72,3
DA:73,2
DA:74,1
DA:79,1
DA:81,1
DA:82,1
DA:86,6
DA:87,4
DA:89,4
DA:91,4
DA:92,4
DA:93,0
DA:97,4
DA:101,2
DA:102,1
DA:107,1
DA:109,2
DA:110,2
DA:111,1
DA:115,1
LF:39
LH:32
BRDA:25,0,0,1
BRDA:25,0,1,1
BRDA:26,1,0,2
BRDA:26,1,1,1
BRDA:26,1,2,1
BRDA:26,1,3,1
BRDA:26,1,4,1
BRDA:37,2,0,1
BRDA:37,2,1,0
BRDA:39,3,0,1
BRDA:39,3,1,0
BRDA:73,4,0,1
BRDA:73,4,1,1
BRDA:92,5,0,0
BRDA:92,5,1,4
BRDA:92,6,0,4
BRDA:92,6,1,4
BRDA:101,7,0,1
BRDA:101,7,1,1
BRDA:110,8,0,1
BRDA:110,8,1,1
BRF:21
BRH:18
end_of_record
TN:
SF:backend/controllers/category.controller.js
FN:3,(anonymous_0)
FN:13,(anonymous_1)
FN:47,(anonymous_2)
FN:78,(anonymous_3)
FNF:4
FNH:4
FNDA:2,(anonymous_0)
FNDA:3,(anonymous_1)
FNDA:3,(anonymous_2)
FNDA:3,(anonymous_3)
DA:3,6
DA:4,2
DA:5,2
DA:6,1
DA:8,1
DA:9,1
DA:13,6
DA:14,3
DA:15,3
DA:18,3
DA:19,1
DA:26,2
DA:27,1
DA:28,1
DA:35,0
DA:36,0
DA:37,0
DA:42,1
DA:43,1
DA:47,6
DA:48,3
DA:49,3
DA:50,3
DA:52,3
DA:58,2
DA:59,1
DA:65,1
DA:70,1
DA:71,1
DA:78,6
DA:79,3
DA:80,3
DA:82,3
DA:83,2
DA:84,1
DA:88,1
DA:92,1
DA:93,1
LF:38
LH:35
BRDA:18,0,0,1
BRDA:18,0,1,2
BRDA:27,1,0,1
BRDA:27,1,1,0
BRDA:58,2,0,1
BRDA:58,2,1,1
BRDA:83,3,0,1
BRDA:83,3,1,1
BRF:8
BRH:7
end_of_record
TN:
SF:backend/controllers/user.controller.js
FN:5,(anonymous_0)
FN:9,(anonymous_1)
FN:19,(anonymous_2)
FN:39,(anonymous_3)
FNF:4
FNH:3
FNDA:0,(anonymous_0)
FNDA:2,(anonymous_1)
FNDA:3,(anonymous_2)
FNDA:4,(anonymous_3)
DA:5,6
DA:6,0
DA:9,6
DA:10,2
DA:11,2
DA:12,1
DA:14,1
DA:15,1
DA:19,6
DA:20,3
DA:22,3
DA:24,3
DA:25,2
DA:26,1
DA:30,1
DA:32,1
DA:33,1
DA:39,6
DA:40,4
DA:48,4
DA:51,4
DA:53,4
DA:54,2
DA:55,2
DA:58,4
DA:59,2
DA:60,2
DA:61,2
DA:65,4
DA:66,2
DA:70,4
DA:71,4
DA:72,4
DA:75,4
DA:81,3
DA:83,3
DA:84,1
DA:90,2
DA:101,1
DA:102,1
LF:40
LH:39
BRDA:25,0,0,1
BRDA:25,0,1,1
BRDA:46,1,0,4
BRDA:47,2,0,4
BRDA:53,3,0,2
BRDA:53,3,1,2
BRDA:58,4,0,2
BRDA:58,4,1,2
BRDA:58,5,0,4
BRDA:58,5,1,2
BRDA:60,6,0,2
BRDA:60,6,1,0
BRDA:61,7,0,2
BRDA:61,7,1,0
BRDA:65,8,0,2
BRDA:65,8,1,2
BRDA:83,9,0,1
BRDA:83,9,1,2
BRF:18
BRH:16
end_of_record
TN:
SF:backend/controllers/user.login.controller.js
FN:4,(anonymous_0)
FN:37,(anonymous_1)
FNF:2
FNH:1
FNDA:3,(anonymous_0)
FNDA:0,(anonymous_1)
DA:4,6
DA:5,3
DA:6,3
DA:7,3
DA:8,2
DA:9,0
DA:13,2
DA:14,2
DA:15,1
DA:20,1
DA:26,1
DA:32,1
DA:33,1
DA:37,6
DA:38,0
DA:39,0
DA:40,0
DA:41,0
DA:47,0
DA:48,0
DA:49,0
DA:56,0
DA:57,0
DA:58,0
DA:64,0
DA:65,0
LF:26
LH:13
BRDA:8,0,0,0
BRDA:8,0,1,2
BRDA:14,1,0,1
BRDA:14,1,1,1
BRDA:40,2,0,0
BRDA:40,2,1,0
BRDA:40,3,0,0
BRDA:40,3,1,0
BRDA:48,4,0,0
BRDA:48,4,1,0
BRF:10
BRH:3
end_of_record
TN:
SF:backend/middleware/auth.js
FN:6,(anonymous_0)
FN:39,(anonymous_1)
FNF:2
FNH:2
FNDA:33,(anonymous_0)
FNDA:3,(anonymous_1)
DA:4,6
DA:6,6
DA:7,33
DA:10,33
DA:12,0
DA:15,33
DA:17,33
DA:19,33
DA:20,33
DA:22,0
DA:28,33
DA:30,33
DA:32,0
DA:33,0
DA:35,0
DA:39,6
DA:40,3
DA:41,0
DA:46,3
DA:47,1
DA:52,2
LF:21
LH:15
BRDA:10,0,0,0
BRDA:10,0,1,33
BRDA:10,1,0,33
BRDA:10,1,1,33
BRDA:20,2,0,0
BRDA:20,2,1,33
BRDA:20,3,0,33
BRDA:20,3,1,2
BRDA:32,4,0,0
BRDA:32,4,1,0
BRDA:40,5,0,0
BRDA:40,5,1,3
BRDA:46,6,0,1
BRDA:46,6,1,2
BRF:14
BRH:9
end_of_record
TN:
SF:backend/module/category.model.js
FNF:0
FNH:0
DA:3,5
DA:21,5
LF:2
LH:2
BRF:0
BRH:0
end_of_record
TN:
SF:backend/module/order.model.js
FNF:0
FNH:0
DA:3,5
DA:81,5
DA:83,5
LF:3
LH:3
BRF:0
BRH:0
end_of_record
TN:
SF:backend/module/product.model.js
FN:67,(anonymous_0)
FNF:1
FNH:0
FNDA:0,(anonymous_0)
DA:3,4
DA:67,4
DA:68,0
DA:69,0
DA:70,0
DA:71,0
DA:72,0
DA:75,0
DA:76,0
DA:79,4
DA:81,4
LF:11
LH:4
BRDA:71,0,0,0
BRDA:71,0,1,0
BRF:2
BRH:0
end_of_record
TN:
SF:backend/module/role.model.js
FN:31,(anonymous_0)
FN:44,(anonymous_1)
FNF:2
FNH:0
FNDA:0,(anonymous_0)
FNDA:0,(anonymous_1)
DA:5,4
DA:31,4
DA:32,0
DA:35,0
DA:37,0
DA:39,0
DA:44,4
DA:45,0
DA:48,4
LF:9
LH:4
BRDA:35,0,0,0
BRDA:35,0,1,0
BRF:2
BRH:0
end_of_record
TN:
SF:backend/routes/admin.routes.js
FNF:0
FNH:0
DA:23,6
DA:26,6
DA:28,6
DA:30,6
DA:32,6
DA:35,6
DA:37,6
DA:39,6
DA:41,6
DA:45,6
DA:47,6
DA:49,6
DA:52,6
LF:13
LH:13
BRF:0
BRH:0
end_of_record
TN:
SF:backend/routes/category.routes.js
FNF:0
FNH:0
DA:10,6
DA:12,6
DA:13,6
DA:14,6
DA:15,6
LF:5
LH:5
BRF:0
BRH:0
end_of_record
TN:
SF:backend/routes/user.routes.js
FN:31,(anonymous_0)
FN:34,(anonymous_1)
FNF:2
FNH:0
FNDA:0,(anonymous_0)
FNDA:0,(anonymous_1)
DA:10,6
DA:13,6
DA:15,6
DA:17,6
DA:21,6
DA:22,6
DA:28,6
DA:31,6
DA:34,6
LF:9
LH:9
BRF:0
BRH:0
end_of_record
