TN:
SF:backend/controllers/auth.controller.js
FN:9,(anonymous_0)
FN:59,(anonymous_1)
FN:121,(anonymous_2)
FN:155,(anonymous_3)
FNF:4
FNH:4
FNDA:5,(anonymous_0)
FNDA:7,(anonymous_1)
FNDA:4,(anonymous_2)
FNDA:5,(anonymous_3)
DA:9,1
DA:10,5
DA:11,5
DA:13,5
DA:14,4
DA:15,1
DA:16,1
DA:19,3
DA:20,3
DA:21,1
DA:22,1
DA:25,2
DA:28,2
DA:33,2
DA:34,1
DA:38,1
DA:41,1
DA:48,1
DA:54,1
DA:55,1
DA:59,1
DA:60,7
DA:62,7
DA:63,7
DA:64,1
DA:67,1
DA:71,6
DA:72,5
DA:73,1
DA:76,1
DA:80,4
DA:81,1
DA:82,1
DA:85,1
DA:90,3
DA:91,3
DA:95,1
DA:96,1
DA:99,1
DA:102,2
DA:103,2
DA:104,1
DA:105,1
DA:108,1
DA:110,1
DA:116,1
DA:117,1
DA:121,1
DA:122,4
DA:123,4
DA:125,4
DA:126,1
DA:129,1
DA:132,3
DA:134,2
DA:135,1
DA:139,1
DA:143,1
DA:145,1
DA:150,1
DA:151,1
DA:155,1
DA:156,5
DA:157,5
DA:160,5
DA:161,1
DA:165,1
DA:168,4
DA:169,3
DA:170,1
DA:174,1
DA:178,2
DA:179,2
DA:180,1
DA:184,1
DA:188,1
DA:190,1
DA:193,1
DA:202,1
DA:203,1
LF:80
LH:80
BRDA:14,0,0,1
BRDA:14,0,1,3
BRDA:20,1,0,1
BRDA:20,1,1,2
BRDA:33,2,0,1
BRDA:33,2,1,1
BRDA:63,3,0,1
BRDA:63,3,1,6
BRDA:72,4,0,1
BRDA:72,4,1,4
BRDA:80,5,0,1
BRDA:80,5,1,3
BRDA:103,6,0,1
BRDA:103,6,1,1
BRDA:125,7,0,1
BRDA:125,7,1,3
BRDA:134,8,0,1
BRDA:134,8,1,1
BRDA:160,9,0,1
BRDA:160,9,1,4
BRDA:160,10,0,5
BRDA:160,10,1,5
BRDA:160,10,2,5
BRDA:169,11,0,1
BRDA:169,11,1,2
BRDA:179,12,0,1
BRDA:179,12,1,1
BRDA:206,13,0,1
BRDA:206,13,1,0
BRF:29
BRH:28
end_of_record
TN:
SF:backend/controllers/category.controller.js
FN:3,(anonymous_0)
FN:13,(anonymous_1)
FN:47,(anonymous_2)
FN:78,(anonymous_3)
FNF:4
FNH:4
FNDA:2,(anonymous_0)
FNDA:4,(anonymous_1)
FNDA:3,(anonymous_2)
FNDA:3,(anonymous_3)
DA:3,1
DA:4,2
DA:5,2
DA:6,1
DA:8,1
DA:9,1
DA:13,1
DA:14,4
DA:15,4
DA:18,4
DA:19,1
DA:26,3
DA:27,2
DA:28,1
DA:35,1
DA:36,1
DA:37,1
DA:42,1
DA:43,1
DA:47,1
DA:48,3
DA:49,3
DA:50,3
DA:52,3
DA:58,2
DA:59,1
DA:65,1
DA:70,1
DA:71,1
DA:78,1
DA:79,3
DA:80,3
DA:82,3
DA:83,2
DA:84,1
DA:88,1
DA:92,1
DA:93,1
LF:38
LH:38
BRDA:18,0,0,1
BRDA:18,0,1,3
BRDA:27,1,0,1
BRDA:27,1,1,1
BRDA:58,2,0,1
BRDA:58,2,1,1
BRDA:83,3,0,1
BRDA:83,3,1,1
BRF:8
BRH:8
end_of_record
TN:
SF:backend/controllers/order.admin.controller.js
FN:5,(anonymous_0)
FN:15,(anonymous_1)
FN:31,(anonymous_2)
FN:52,(anonymous_3)
FN:75,(anonymous_4)
FN:117,(anonymous_5)
FNF:6
FNH:6
FNDA:2,(anonymous_0)
FNDA:3,(anonymous_1)
FNDA:4,(anonymous_2)
FNDA:1,(anonymous_3)
FNDA:3,(anonymous_4)
FNDA:2,(anonymous_5)
DA:5,1
DA:6,2
DA:7,2
DA:8,1
DA:10,1
DA:11,1
DA:15,1
DA:16,3
DA:17,3
DA:18,3
DA:19,2
DA:20,1
DA:24,1
DA:26,1
DA:27,1
DA:31,1
DA:32,4
DA:33,4
DA:35,4
DA:36,1
DA:41,3
DA:43,3
DA:45,2
DA:46,1
DA:52,1
DA:53,1
DA:54,0
DA:55,1
DA:56,0
DA:59,1
DA:64,1
DA:66,1
DA:68,1
DA:69,1
DA:75,1
DA:76,3
DA:77,3
DA:79,3
DA:81,3
DA:84,3
DA:85,3
DA:86,3
DA:88,3
DA:90,2
DA:92,2
DA:93,1
DA:99,1
DA:110,1
DA:111,1
DA:117,1
DA:118,2
DA:119,2
DA:120,2
DA:122,2
DA:128,1
DA:133,1
DA:134,1
LF:57
LH:55
BRDA:19,0,0,1
BRDA:19,0,1,1
BRDA:35,1,0,1
BRDA:35,1,1,3
BRDA:45,2,0,1
BRDA:45,2,1,1
BRDA:53,3,0,0
BRDA:53,3,1,1
BRDA:53,4,0,1
BRDA:53,4,1,0
BRDA:55,5,0,0
BRDA:55,5,1,1
BRDA:55,6,0,1
BRDA:55,6,1,0
BRDA:71,7,0,1
BRDA:71,7,1,0
BRDA:77,8,0,2
BRDA:77,9,0,2
BRDA:92,10,0,1
BRDA:92,10,1,1
BRF:20
BRH:15
end_of_record
TN:
SF:backend/controllers/order.user.controller.js
FN:10,(anonymous_0)
FN:29,(anonymous_1)
FN:69,(anonymous_2)
FN:92,(anonymous_3)
FN:158,(anonymous_4)
FNF:5
FNH:4
FNDA:5,(anonymous_0)
FNDA:3,(anonymous_1)
FNDA:2,(anonymous_2)
FNDA:7,(anonymous_3)
FNDA:0,(anonymous_4)
DA:10,1
DA:11,5
DA:12,5
DA:13,5
DA:16,5
DA:17,4
DA:18,1
DA:22,3
DA:23,1
DA:29,3
DA:30,2
DA:32,2
DA:33,1
DA:39,1
DA:47,1
DA:50,1
DA:55,1
DA:57,1
DA:58,1
DA:69,1
DA:70,2
DA:71,2
DA:73,2
DA:78,1
DA:80,1
DA:81,1
DA:92,1
DA:93,7
DA:94,7
DA:95,7
DA:98,7
DA:100,6
DA:101,1
DA:105,5
DA:106,1
DA:112,4
DA:113,1
DA:117,3
DA:118,1
DA:119,1
DA:120,1
DA:122,1
DA:123,1
DA:128,2
DA:129,1
DA:135,1
DA:136,1
DA:138,1
DA:143,1
DA:144,1
DA:158,1
DA:159,0
DA:161,0
DA:162,0
DA:165,0
DA:166,0
DA:173,0
DA:174,0
DA:181,0
DA:187,0
DA:192,0
DA:193,0
LF:62
LH:51
BRDA:17,0,0,1
BRDA:17,0,1,3
BRDA:22,1,0,1
BRDA:22,1,1,2
BRDA:32,2,0,1
BRDA:32,2,1,1
BRDA:100,3,0,1
BRDA:100,3,1,5
BRDA:105,4,0,1
BRDA:105,4,1,4
BRDA:112,5,0,1
BRDA:112,5,1,3
BRDA:117,6,0,1
BRDA:117,6,1,2
BRDA:122,7,0,1
BRDA:122,7,1,0
BRDA:128,8,0,1
BRDA:128,8,1,1
BRDA:165,9,0,0
BRDA:165,9,1,0
BRDA:165,10,0,0
BRDA:165,10,1,0
BRDA:168,11,0,0
BRDA:168,11,1,0
BRDA:173,12,0,0
BRDA:173,12,1,0
BRF:26
BRH:17
end_of_record
TN:
SF:backend/helpers/auth.helpers.js
FN:8,(anonymous_0)
FN:17,(anonymous_1)
FN:26,(anonymous_2)
FNF:3
FNH:0
FNDA:0,(anonymous_0)
FNDA:0,(anonymous_1)
FNDA:0,(anonymous_2)
DA:4,1
DA:5,1
DA:8,1
DA:9,0
DA:17,1
DA:18,0
DA:26,1
DA:27,0
DA:28,0
DA:30,0
LF:10
LH:5
BRF:0
BRH:0
end_of_record
TN:
SF:backend/middleware/auth.js
FN:3,(anonymous_0)
FN:26,(anonymous_1)
FN:42,(anonymous_2)
FNF:3
FNH:3
FNDA:4,(anonymous_0)
FNDA:3,(anonymous_1)
FNDA:4,(anonymous_2)
DA:3,1
DA:4,4
DA:6,4
DA:7,2
DA:10,2
DA:13,2
DA:14,2
DA:15,2
DA:17,1
DA:18,1
DA:20,1
DA:26,1
DA:27,3
DA:28,1
DA:33,2
DA:34,1
DA:39,1
DA:42,1
DA:43,4
DA:44,1
DA:49,3
DA:50,1
DA:55,2
LF:23
LH:23
BRDA:6,0,0,2
BRDA:6,0,1,2
BRDA:6,1,0,4
BRDA:6,1,1,3
BRDA:27,2,0,1
BRDA:27,2,1,2
BRDA:33,3,0,1
BRDA:33,3,1,1
BRDA:43,4,0,1
BRDA:43,4,1,3
BRDA:49,5,0,1
BRDA:49,5,1,2
BRDA:49,6,0,3
BRDA:49,6,1,2
BRF:14
BRH:14
end_of_record
TN:
SF:backend/module/category.model.js
FNF:0
FNH:0
DA:3,1
DA:21,1
LF:2
LH:2
BRF:0
BRH:0
end_of_record
TN:
SF:backend/module/order.model.js
FNF:0
FNH:0
DA:3,1
DA:50,1
LF:2
LH:2
BRF:0
BRH:0
end_of_record
TN:
SF:backend/module/product.model.js
FN:45,(anonymous_0)
FN:57,(anonymous_1)
FN:58,(anonymous_2)
FN:66,(anonymous_3)
FN:68,(anonymous_4)
FN:69,(anonymous_5)
FNF:6
FNH:0
FNDA:0,(anonymous_0)
FNDA:0,(anonymous_1)
FNDA:0,(anonymous_2)
FNDA:0,(anonymous_3)
FNDA:0,(anonymous_4)
FNDA:0,(anonymous_5)
DA:3,1
DA:45,1
DA:46,0
DA:48,0
DA:49,0
DA:50,0
DA:51,0
DA:52,0
DA:53,0
DA:56,0
DA:57,0
DA:58,0
DA:61,0
DA:65,0
DA:66,0
DA:67,0
DA:68,0
DA:69,0
DA:71,0
DA:75,0
DA:77,0
DA:82,1
DA:84,1
LF:23
LH:4
BRDA:51,0,0,0
BRDA:51,0,1,0
BRDA:56,1,0,0
BRDA:56,1,1,0
BRDA:56,2,0,0
BRDA:56,2,1,0
BRDA:65,3,0,0
BRDA:65,3,1,0
BRF:8
BRH:0
end_of_record
TN:
SF:backend/module/refreshToken.model.js
FNF:0
FNH:0
DA:3,1
DA:25,1
DA:28,1
LF:3
LH:3
BRF:0
BRH:0
end_of_record
TN:
SF:backend/module/shipping.model.js
FNF:0
FNH:0
DA:3,1
DA:49,1
LF:2
LH:2
BRF:0
BRH:0
end_of_record
TN:
SF:backend/module/user.model.js
FN:50,(anonymous_0)
FN:63,(anonymous_1)
FNF:2
FNH:0
FNDA:0,(anonymous_0)
FNDA:0,(anonymous_1)
DA:4,1
DA:50,1
DA:51,0
DA:54,0
DA:56,0
DA:58,0
DA:63,1
DA:64,0
DA:67,1
LF:9
LH:4
BRDA:54,0,0,0
BRDA:54,0,1,0
BRF:2
BRH:0
end_of_record
